{"numTotalTestSuites":2,"numPassedTestSuites":0,"numFailedTestSuites":2,"numPendingTestSuites":0,"numTotalTests":8,"numPassedTests":1,"numFailedTests":7,"numPendingTests":0,"numTodoTests":0,"snapshot":{"added":0,"failure":false,"filesAdded":0,"filesRemoved":0,"filesRemovedList":[],"filesUnmatched":0,"filesUpdated":0,"matched":0,"total":0,"unchecked":0,"uncheckedKeysByFile":[],"unmatched":0,"updated":0,"didUpdate":false},"startTime":1768329137986,"success":false,"testResults":[{"assertionResults":[{"ancestorTitles":["App Integration Tests"],"fullName":"App Integration Tests renders the main app with initial state","status":"failed","title":"renders the main app with initial state","duration":10012.9396,"failureMessages":["Error: STACK_TRACE_ERROR\n    at task (file:///C:/Users/dlwta/112324324/node_modules/@vitest/runner/dist/index.js:796:27)\n    at Object.<anonymous> (file:///C:/Users/dlwta/112324324/node_modules/@vitest/runner/dist/index.js:823:16)\n    at Object.<anonymous> (file:///C:/Users/dlwta/112324324/node_modules/@vitest/runner/dist/index.js:615:28)\n    at chain (file:///C:/Users/dlwta/112324324/node_modules/@vitest/runner/dist/chunk-tasks.js:9:14)\n    at C:/Users/dlwta/112324324/src/__tests__/App.integration.test.tsx:40:3\n    at file:///C:/Users/dlwta/112324324/node_modules/@vitest/runner/dist/index.js:901:40\n    at runWithSuite (file:///C:/Users/dlwta/112324324/node_modules/@vitest/runner/dist/index.js:1195:8)\n    at Object.collect (file:///C:/Users/dlwta/112324324/node_modules/@vitest/runner/dist/index.js:901:10)\n    at Object.collect (file:///C:/Users/dlwta/112324324/node_modules/@vitest/runner/dist/index.js:905:54)\n    at file:///C:/Users/dlwta/112324324/node_modules/@vitest/runner/dist/index.js:1390:26\n    at collectTests (file:///C:/Users/dlwta/112324324/node_modules/@vitest/runner/dist/index.js:1365:3)\n    at startTests (file:///C:/Users/dlwta/112324324/node_modules/@vitest/runner/dist/index.js:1937:17)\n    at file:///C:/Users/dlwta/112324324/node_modules/vitest/dist/chunks/base.XJJQZiKB.js:86:26\n    at run (file:///C:/Users/dlwta/112324324/node_modules/vitest/dist/chunks/base.XJJQZiKB.js:79:2)\n    at runBaseTests (file:///C:/Users/dlwta/112324324/node_modules/vitest/dist/chunks/base.XJJQZiKB.js:161:2)"],"location":{"line":40,"column":3},"meta":{}},{"ancestorTitles":["App Integration Tests"],"fullName":"App Integration Tests shows API key warning when no key is configured","status":"failed","title":"shows API key warning when no key is configured","duration":10003.696899999999,"failureMessages":["Error: STACK_TRACE_ERROR\n    at task (file:///C:/Users/dlwta/112324324/node_modules/@vitest/runner/dist/index.js:796:27)\n    at Object.<anonymous> (file:///C:/Users/dlwta/112324324/node_modules/@vitest/runner/dist/index.js:823:16)\n    at Object.<anonymous> (file:///C:/Users/dlwta/112324324/node_modules/@vitest/runner/dist/index.js:615:28)\n    at chain (file:///C:/Users/dlwta/112324324/node_modules/@vitest/runner/dist/chunk-tasks.js:9:14)\n    at C:/Users/dlwta/112324324/src/__tests__/App.integration.test.tsx:55:3\n    at file:///C:/Users/dlwta/112324324/node_modules/@vitest/runner/dist/index.js:901:40\n    at runWithSuite (file:///C:/Users/dlwta/112324324/node_modules/@vitest/runner/dist/index.js:1195:8)\n    at Object.collect (file:///C:/Users/dlwta/112324324/node_modules/@vitest/runner/dist/index.js:901:10)\n    at Object.collect (file:///C:/Users/dlwta/112324324/node_modules/@vitest/runner/dist/index.js:905:54)\n    at file:///C:/Users/dlwta/112324324/node_modules/@vitest/runner/dist/index.js:1390:26\n    at collectTests (file:///C:/Users/dlwta/112324324/node_modules/@vitest/runner/dist/index.js:1365:3)\n    at startTests (file:///C:/Users/dlwta/112324324/node_modules/@vitest/runner/dist/index.js:1937:17)\n    at file:///C:/Users/dlwta/112324324/node_modules/vitest/dist/chunks/base.XJJQZiKB.js:86:26\n    at run (file:///C:/Users/dlwta/112324324/node_modules/vitest/dist/chunks/base.XJJQZiKB.js:79:2)\n    at runBaseTests (file:///C:/Users/dlwta/112324324/node_modules/vitest/dist/chunks/base.XJJQZiKB.js:161:2)"],"location":{"line":55,"column":3},"meta":{}},{"ancestorTitles":["App Integration Tests"],"fullName":"App Integration Tests handles project creation flow","status":"failed","title":"handles project creation flow","duration":10004.303800000002,"failureMessages":["Error: STACK_TRACE_ERROR\n    at task (file:///C:/Users/dlwta/112324324/node_modules/@vitest/runner/dist/index.js:796:27)\n    at Object.<anonymous> (file:///C:/Users/dlwta/112324324/node_modules/@vitest/runner/dist/index.js:823:16)\n    at Object.<anonymous> (file:///C:/Users/dlwta/112324324/node_modules/@vitest/runner/dist/index.js:615:28)\n    at chain (file:///C:/Users/dlwta/112324324/node_modules/@vitest/runner/dist/chunk-tasks.js:9:14)\n    at C:/Users/dlwta/112324324/src/__tests__/App.integration.test.tsx:68:3\n    at file:///C:/Users/dlwta/112324324/node_modules/@vitest/runner/dist/index.js:901:40\n    at runWithSuite (file:///C:/Users/dlwta/112324324/node_modules/@vitest/runner/dist/index.js:1195:8)\n    at Object.collect (file:///C:/Users/dlwta/112324324/node_modules/@vitest/runner/dist/index.js:901:10)\n    at Object.collect (file:///C:/Users/dlwta/112324324/node_modules/@vitest/runner/dist/index.js:905:54)\n    at file:///C:/Users/dlwta/112324324/node_modules/@vitest/runner/dist/index.js:1390:26\n    at collectTests (file:///C:/Users/dlwta/112324324/node_modules/@vitest/runner/dist/index.js:1365:3)\n    at startTests (file:///C:/Users/dlwta/112324324/node_modules/@vitest/runner/dist/index.js:1937:17)\n    at file:///C:/Users/dlwta/112324324/node_modules/vitest/dist/chunks/base.XJJQZiKB.js:86:26\n    at run (file:///C:/Users/dlwta/112324324/node_modules/vitest/dist/chunks/base.XJJQZiKB.js:79:2)\n    at runBaseTests (file:///C:/Users/dlwta/112324324/node_modules/vitest/dist/chunks/base.XJJQZiKB.js:161:2)"],"location":{"line":68,"column":3},"meta":{}},{"ancestorTitles":["App Integration Tests"],"fullName":"App Integration Tests handles quick actions","status":"failed","title":"handles quick actions","duration":10005.253700000001,"failureMessages":["Error: STACK_TRACE_ERROR\n    at task (file:///C:/Users/dlwta/112324324/node_modules/@vitest/runner/dist/index.js:796:27)\n    at Object.<anonymous> (file:///C:/Users/dlwta/112324324/node_modules/@vitest/runner/dist/index.js:823:16)\n    at Object.<anonymous> (file:///C:/Users/dlwta/112324324/node_modules/@vitest/runner/dist/index.js:615:28)\n    at chain (file:///C:/Users/dlwta/112324324/node_modules/@vitest/runner/dist/chunk-tasks.js:9:14)\n    at C:/Users/dlwta/112324324/src/__tests__/App.integration.test.tsx:101:3\n    at file:///C:/Users/dlwta/112324324/node_modules/@vitest/runner/dist/index.js:901:40\n    at runWithSuite (file:///C:/Users/dlwta/112324324/node_modules/@vitest/runner/dist/index.js:1195:8)\n    at Object.collect (file:///C:/Users/dlwta/112324324/node_modules/@vitest/runner/dist/index.js:901:10)\n    at Object.collect (file:///C:/Users/dlwta/112324324/node_modules/@vitest/runner/dist/index.js:905:54)\n    at file:///C:/Users/dlwta/112324324/node_modules/@vitest/runner/dist/index.js:1390:26\n    at collectTests (file:///C:/Users/dlwta/112324324/node_modules/@vitest/runner/dist/index.js:1365:3)\n    at startTests (file:///C:/Users/dlwta/112324324/node_modules/@vitest/runner/dist/index.js:1937:17)\n    at file:///C:/Users/dlwta/112324324/node_modules/vitest/dist/chunks/base.XJJQZiKB.js:86:26\n    at run (file:///C:/Users/dlwta/112324324/node_modules/vitest/dist/chunks/base.XJJQZiKB.js:79:2)\n    at runBaseTests (file:///C:/Users/dlwta/112324324/node_modules/vitest/dist/chunks/base.XJJQZiKB.js:161:2)"],"location":{"line":101,"column":3},"meta":{}},{"ancestorTitles":["App Integration Tests"],"fullName":"App Integration Tests navigates between views","status":"failed","title":"navigates between views","duration":10006.697999999997,"failureMessages":["Error: STACK_TRACE_ERROR\n    at task (file:///C:/Users/dlwta/112324324/node_modules/@vitest/runner/dist/index.js:796:27)\n    at Object.<anonymous> (file:///C:/Users/dlwta/112324324/node_modules/@vitest/runner/dist/index.js:823:16)\n    at Object.<anonymous> (file:///C:/Users/dlwta/112324324/node_modules/@vitest/runner/dist/index.js:615:28)\n    at chain (file:///C:/Users/dlwta/112324324/node_modules/@vitest/runner/dist/chunk-tasks.js:9:14)\n    at C:/Users/dlwta/112324324/src/__tests__/App.integration.test.tsx:125:3\n    at file:///C:/Users/dlwta/112324324/node_modules/@vitest/runner/dist/index.js:901:40\n    at runWithSuite (file:///C:/Users/dlwta/112324324/node_modules/@vitest/runner/dist/index.js:1195:8)\n    at Object.collect (file:///C:/Users/dlwta/112324324/node_modules/@vitest/runner/dist/index.js:901:10)\n    at Object.collect (file:///C:/Users/dlwta/112324324/node_modules/@vitest/runner/dist/index.js:905:54)\n    at file:///C:/Users/dlwta/112324324/node_modules/@vitest/runner/dist/index.js:1390:26\n    at collectTests (file:///C:/Users/dlwta/112324324/node_modules/@vitest/runner/dist/index.js:1365:3)\n    at startTests (file:///C:/Users/dlwta/112324324/node_modules/@vitest/runner/dist/index.js:1937:17)\n    at file:///C:/Users/dlwta/112324324/node_modules/vitest/dist/chunks/base.XJJQZiKB.js:86:26\n    at run (file:///C:/Users/dlwta/112324324/node_modules/vitest/dist/chunks/base.XJJQZiKB.js:79:2)\n    at runBaseTests (file:///C:/Users/dlwta/112324324/node_modules/vitest/dist/chunks/base.XJJQZiKB.js:161:2)"],"location":{"line":125,"column":3},"meta":{}},{"ancestorTitles":["App Integration Tests"],"fullName":"App Integration Tests displays projects from localStorage","status":"failed","title":"displays projects from localStorage","duration":10005.4752,"failureMessages":["Error: STACK_TRACE_ERROR\n    at task (file:///C:/Users/dlwta/112324324/node_modules/@vitest/runner/dist/index.js:796:27)\n    at Object.<anonymous> (file:///C:/Users/dlwta/112324324/node_modules/@vitest/runner/dist/index.js:823:16)\n    at Object.<anonymous> (file:///C:/Users/dlwta/112324324/node_modules/@vitest/runner/dist/index.js:615:28)\n    at chain (file:///C:/Users/dlwta/112324324/node_modules/@vitest/runner/dist/chunk-tasks.js:9:14)\n    at C:/Users/dlwta/112324324/src/__tests__/App.integration.test.tsx:163:3\n    at file:///C:/Users/dlwta/112324324/node_modules/@vitest/runner/dist/index.js:901:40\n    at runWithSuite (file:///C:/Users/dlwta/112324324/node_modules/@vitest/runner/dist/index.js:1195:8)\n    at Object.collect (file:///C:/Users/dlwta/112324324/node_modules/@vitest/runner/dist/index.js:901:10)\n    at Object.collect (file:///C:/Users/dlwta/112324324/node_modules/@vitest/runner/dist/index.js:905:54)\n    at file:///C:/Users/dlwta/112324324/node_modules/@vitest/runner/dist/index.js:1390:26\n    at collectTests (file:///C:/Users/dlwta/112324324/node_modules/@vitest/runner/dist/index.js:1365:3)\n    at startTests (file:///C:/Users/dlwta/112324324/node_modules/@vitest/runner/dist/index.js:1937:17)\n    at file:///C:/Users/dlwta/112324324/node_modules/vitest/dist/chunks/base.XJJQZiKB.js:86:26\n    at run (file:///C:/Users/dlwta/112324324/node_modules/vitest/dist/chunks/base.XJJQZiKB.js:79:2)\n    at runBaseTests (file:///C:/Users/dlwta/112324324/node_modules/vitest/dist/chunks/base.XJJQZiKB.js:161:2)"],"location":{"line":163,"column":3},"meta":{}},{"ancestorTitles":["App Integration Tests"],"fullName":"App Integration Tests handles settings modal","status":"failed","title":"handles settings modal","duration":10008.934799999995,"failureMessages":["Error: STACK_TRACE_ERROR\n    at task (file:///C:/Users/dlwta/112324324/node_modules/@vitest/runner/dist/index.js:796:27)\n    at Object.<anonymous> (file:///C:/Users/dlwta/112324324/node_modules/@vitest/runner/dist/index.js:823:16)\n    at Object.<anonymous> (file:///C:/Users/dlwta/112324324/node_modules/@vitest/runner/dist/index.js:615:28)\n    at chain (file:///C:/Users/dlwta/112324324/node_modules/@vitest/runner/dist/chunk-tasks.js:9:14)\n    at C:/Users/dlwta/112324324/src/__tests__/App.integration.test.tsx:199:3\n    at file:///C:/Users/dlwta/112324324/node_modules/@vitest/runner/dist/index.js:901:40\n    at runWithSuite (file:///C:/Users/dlwta/112324324/node_modules/@vitest/runner/dist/index.js:1195:8)\n    at Object.collect (file:///C:/Users/dlwta/112324324/node_modules/@vitest/runner/dist/index.js:901:10)\n    at Object.collect (file:///C:/Users/dlwta/112324324/node_modules/@vitest/runner/dist/index.js:905:54)\n    at file:///C:/Users/dlwta/112324324/node_modules/@vitest/runner/dist/index.js:1390:26\n    at collectTests (file:///C:/Users/dlwta/112324324/node_modules/@vitest/runner/dist/index.js:1365:3)\n    at startTests (file:///C:/Users/dlwta/112324324/node_modules/@vitest/runner/dist/index.js:1937:17)\n    at file:///C:/Users/dlwta/112324324/node_modules/vitest/dist/chunks/base.XJJQZiKB.js:86:26\n    at run (file:///C:/Users/dlwta/112324324/node_modules/vitest/dist/chunks/base.XJJQZiKB.js:79:2)\n    at runBaseTests (file:///C:/Users/dlwta/112324324/node_modules/vitest/dist/chunks/base.XJJQZiKB.js:161:2)"],"location":{"line":199,"column":3},"meta":{}},{"ancestorTitles":["App Integration Tests"],"fullName":"App Integration Tests persists projects to localStorage","status":"passed","title":"persists projects to localStorage","duration":30.35920000000624,"failureMessages":[],"location":{"line":215,"column":3},"meta":{}}],"startTime":1768329141076,"endTime":1768329211154.3591,"status":"failed","message":"","name":"C:/Users/dlwta/112324324/src/__tests__/App.integration.test.tsx"}]}