{"numTotalTestSuites":39,"numPassedTestSuites":13,"numFailedTestSuites":26,"numPendingTestSuites":0,"numTotalTests":138,"numPassedTests":81,"numFailedTests":57,"numPendingTests":0,"numTodoTests":0,"snapshot":{"added":0,"failure":false,"filesAdded":0,"filesRemoved":0,"filesRemovedList":[],"filesUnmatched":0,"filesUpdated":0,"matched":0,"total":0,"unchecked":0,"uncheckedKeysByFile":[],"unmatched":0,"updated":0,"didUpdate":false},"startTime":1768283007926,"success":false,"testResults":[{"assertionResults":[{"ancestorTitles":["BuildingScreen"],"fullName":"BuildingScreen renders building screen with correct title","status":"passed","title":"renders building screen with correct title","duration":66.58859999999959,"failureMessages":[],"location":{"line":10,"column":3},"meta":{}},{"ancestorTitles":["BuildingScreen"],"fullName":"BuildingScreen displays terminal output section","status":"passed","title":"displays terminal output section","duration":10.360999999999876,"failureMessages":[],"location":{"line":17,"column":3},"meta":{}},{"ancestorTitles":["BuildingScreen"],"fullName":"BuildingScreen renders all building steps","status":"passed","title":"renders all building steps","duration":22.641999999999825,"failureMessages":[],"location":{"line":23,"column":3},"meta":{}},{"ancestorTitles":["BuildingScreen"],"fullName":"BuildingScreen shows current step with spinner and highlight","status":"passed","title":"shows current step with spinner and highlight","duration":20.14350000000013,"failureMessages":[],"location":{"line":39,"column":3},"meta":{}},{"ancestorTitles":["BuildingScreen"],"fullName":"BuildingScreen shows completed steps with checkmarks","status":"passed","title":"shows completed steps with checkmarks","duration":14.242600000000039,"failureMessages":[],"location":{"line":48,"column":3},"meta":{}},{"ancestorTitles":["BuildingScreen"],"fullName":"BuildingScreen shows pending steps with gray styling","status":"passed","title":"shows pending steps with gray styling","duration":21.177400000000034,"failureMessages":[],"location":{"line":59,"column":3},"meta":{}},{"ancestorTitles":["BuildingScreen"],"fullName":"BuildingScreen displays code snippet when provided","status":"passed","title":"displays code snippet when provided","duration":14.516599999999926,"failureMessages":[],"location":{"line":70,"column":3},"meta":{}},{"ancestorTitles":["BuildingScreen"],"fullName":"BuildingScreen hides code rain effect when no snippet provided","status":"failed","title":"hides code rain effect when no snippet provided","duration":25.70119999999997,"failureMessages":["Error: expect(element).not.toBeInTheDocument()\n\nexpected document not to contain element, found <div\n  class=\"absolute inset-0 bg-blue-500 blur-xl opacity-20 animate-pulse\"\n/> instead\n    at Proxy.expectWrapper (file:///C:/Users/dlwta/112324324/node_modules/@vitest/expect/dist/index.js:1821:12)\n    at Proxy.<anonymous> (file:///C:/Users/dlwta/112324324/node_modules/@vitest/expect/dist/index.js:1090:14)\n    at Proxy.methodWrapper (file:///C:/Users/dlwta/112324324/node_modules/chai/index.js:1700:25)\n    at C:/Users/dlwta/112324324/components/__tests__/BuildingScreen.test.tsx:82:26\n    at file:///C:/Users/dlwta/112324324/node_modules/@vitest/runner/dist/index.js:145:11\n    at file:///C:/Users/dlwta/112324324/node_modules/@vitest/runner/dist/index.js:915:26\n    at file:///C:/Users/dlwta/112324324/node_modules/@vitest/runner/dist/index.js:1243:20\n    at new Promise (<anonymous>)\n    at runWithTimeout (file:///C:/Users/dlwta/112324324/node_modules/@vitest/runner/dist/index.js:1209:10)\n    at file:///C:/Users/dlwta/112324324/node_modules/@vitest/runner/dist/index.js:1653:37"],"location":{"line":77,"column":3},"meta":{}},{"ancestorTitles":["BuildingScreen"],"fullName":"BuildingScreen shows spinner animation for current step","status":"failed","title":"shows spinner animation for current step","duration":329.9319999999998,"failureMessages":["AssertionError: expected 0 to be greater than 0\n    at C:/Users/dlwta/112324324/components/__tests__/BuildingScreen.test.tsx:94:40\n    at file:///C:/Users/dlwta/112324324/node_modules/@vitest/runner/dist/index.js:145:11\n    at file:///C:/Users/dlwta/112324324/node_modules/@vitest/runner/dist/index.js:915:26\n    at file:///C:/Users/dlwta/112324324/node_modules/@vitest/runner/dist/index.js:1243:20\n    at new Promise (<anonymous>)\n    at runWithTimeout (file:///C:/Users/dlwta/112324324/node_modules/@vitest/runner/dist/index.js:1209:10)\n    at file:///C:/Users/dlwta/112324324/node_modules/@vitest/runner/dist/index.js:1653:37\n    at Traces.$ (file:///C:/Users/dlwta/112324324/node_modules/vitest/dist/chunks/traces.CCmnQaNT.js:142:27)\n    at trace (file:///C:/Users/dlwta/112324324/node_modules/vitest/dist/chunks/test.B8ej_ZHS.js:239:21)\n    at runTest (file:///C:/Users/dlwta/112324324/node_modules/@vitest/runner/dist/index.js:1653:12)"],"location":{"line":85,"column":3},"meta":{}},{"ancestorTitles":["BuildingScreen"],"fullName":"BuildingScreen shows check icons for completed steps","status":"failed","title":"shows check icons for completed steps","duration":12.650099999999838,"failureMessages":["AssertionError: expected +0 to be 2 // Object.is equality\n    at C:/Users/dlwta/112324324/components/__tests__/BuildingScreen.test.tsx:106:35\n    at file:///C:/Users/dlwta/112324324/node_modules/@vitest/runner/dist/index.js:145:11\n    at file:///C:/Users/dlwta/112324324/node_modules/@vitest/runner/dist/index.js:915:26\n    at file:///C:/Users/dlwta/112324324/node_modules/@vitest/runner/dist/index.js:1243:20\n    at new Promise (<anonymous>)\n    at runWithTimeout (file:///C:/Users/dlwta/112324324/node_modules/@vitest/runner/dist/index.js:1209:10)\n    at file:///C:/Users/dlwta/112324324/node_modules/@vitest/runner/dist/index.js:1653:37\n    at Traces.$ (file:///C:/Users/dlwta/112324324/node_modules/vitest/dist/chunks/traces.CCmnQaNT.js:142:27)\n    at trace (file:///C:/Users/dlwta/112324324/node_modules/vitest/dist/chunks/test.B8ej_ZHS.js:239:21)\n    at runTest (file:///C:/Users/dlwta/112324324/node_modules/@vitest/runner/dist/index.js:1653:12)"],"location":{"line":97,"column":3},"meta":{}},{"ancestorTitles":["BuildingScreen"],"fullName":"BuildingScreen applies correct styling to the main container","status":"passed","title":"applies correct styling to the main container","duration":6.996799999999894,"failureMessages":[],"location":{"line":109,"column":3},"meta":{}},{"ancestorTitles":["BuildingScreen"],"fullName":"BuildingScreen handles first step (step 0)","status":"passed","title":"handles first step (step 0)","duration":7.2883999999999105,"failureMessages":[],"location":{"line":125,"column":3},"meta":{}},{"ancestorTitles":["BuildingScreen"],"fullName":"BuildingScreen handles last step (step 4)","status":"failed","title":"handles last step (step 4)","duration":14.6895999999997,"failureMessages":["AssertionError: expected +0 to be 4 // Object.is equality\n    at C:/Users/dlwta/112324324/components/__tests__/BuildingScreen.test.tsx:150:35\n    at file:///C:/Users/dlwta/112324324/node_modules/@vitest/runner/dist/index.js:145:11\n    at file:///C:/Users/dlwta/112324324/node_modules/@vitest/runner/dist/index.js:915:26\n    at file:///C:/Users/dlwta/112324324/node_modules/@vitest/runner/dist/index.js:1243:20\n    at new Promise (<anonymous>)\n    at runWithTimeout (file:///C:/Users/dlwta/112324324/node_modules/@vitest/runner/dist/index.js:1209:10)\n    at file:///C:/Users/dlwta/112324324/node_modules/@vitest/runner/dist/index.js:1653:37\n    at Traces.$ (file:///C:/Users/dlwta/112324324/node_modules/vitest/dist/chunks/traces.CCmnQaNT.js:142:27)\n    at trace (file:///C:/Users/dlwta/112324324/node_modules/vitest/dist/chunks/test.B8ej_ZHS.js:239:21)\n    at runTest (file:///C:/Users/dlwta/112324324/node_modules/@vitest/runner/dist/index.js:1653:12)"],"location":{"line":139,"column":3},"meta":{}},{"ancestorTitles":["BuildingScreen"],"fullName":"BuildingScreen applies backdrop blur and styling to terminal section","status":"failed","title":"applies backdrop blur and styling to terminal section","duration":9.55119999999988,"failureMessages":["Error: expect(element).toHaveClass(\"bg-[#18181b]/80 backdrop-blur-md border border-white/10 rounded-xl\")\n\nExpected the element to have class:\n  bg-[#18181b]/80 backdrop-blur-md border border-white/10 rounded-xl\nReceived:\n  flex items-center gap-2 mb-4 text-xs font-mono text-gray-500 border-b border-white/5 pb-2\n    at Proxy.expectWrapper (file:///C:/Users/dlwta/112324324/node_modules/@vitest/expect/dist/index.js:1821:12)\n    at Proxy.<anonymous> (file:///C:/Users/dlwta/112324324/node_modules/@vitest/expect/dist/index.js:1090:14)\n    at Proxy.methodWrapper (file:///C:/Users/dlwta/112324324/node_modules/chai/index.js:1700:25)\n    at C:/Users/dlwta/112324324/components/__tests__/BuildingScreen.test.tsx:157:29\n    at file:///C:/Users/dlwta/112324324/node_modules/@vitest/runner/dist/index.js:145:11\n    at file:///C:/Users/dlwta/112324324/node_modules/@vitest/runner/dist/index.js:915:26\n    at file:///C:/Users/dlwta/112324324/node_modules/@vitest/runner/dist/index.js:1243:20\n    at new Promise (<anonymous>)\n    at runWithTimeout (file:///C:/Users/dlwta/112324324/node_modules/@vitest/runner/dist/index.js:1209:10)\n    at file:///C:/Users/dlwta/112324324/node_modules/@vitest/runner/dist/index.js:1653:37"],"location":{"line":153,"column":3},"meta":{}}],"startTime":1768283010578,"endTime":1768283011155.5513,"status":"failed","message":"","name":"C:/Users/dlwta/112324324/components/__tests__/BuildingScreen.test.tsx"},{"assertionResults":[{"ancestorTitles":["ErrorBoundary"],"fullName":"ErrorBoundary renders children when no error occurs","status":"passed","title":"renders children when no error occurs","duration":55.414999999999964,"failureMessages":[],"location":{"line":25,"column":3},"meta":{}},{"ancestorTitles":["ErrorBoundary"],"fullName":"ErrorBoundary displays fallback UI when an error occurs","status":"passed","title":"displays fallback UI when an error occurs","duration":59.62940000000026,"failureMessages":[],"location":{"line":36,"column":3},"meta":{}},{"ancestorTitles":["ErrorBoundary"],"fullName":"ErrorBoundary displays custom error message","status":"passed","title":"displays custom error message","duration":21.873399999999947,"failureMessages":[],"location":{"line":48,"column":3},"meta":{}},{"ancestorTitles":["ErrorBoundary"],"fullName":"ErrorBoundary displays default message when no error message","status":"passed","title":"displays default message when no error message","duration":16.460499999999683,"failureMessages":[],"location":{"line":59,"column":3},"meta":{}},{"ancestorTitles":["ErrorBoundary"],"fullName":"ErrorBoundary logs error to console when error occurs","status":"passed","title":"logs error to console when error occurs","duration":27.900700000000143,"failureMessages":[],"location":{"line":75,"column":3},"meta":{}},{"ancestorTitles":["ErrorBoundary"],"fullName":"ErrorBoundary resets error state when Try Again is clicked","status":"failed","title":"resets error state when Try Again is clicked","duration":57.14350000000013,"failureMessages":["TestingLibraryElementError: Unable to find an element with the text: Now safe. This could be because the text is broken up by multiple elements. In this case, you can provide a function for your text matcher to make your matcher more flexible.\n\nIgnored nodes: comments, script, style\n\u001b[36m<body>\u001b[39m\n  \u001b[36m<div>\u001b[39m\n    \u001b[36m<div\u001b[39m\n      \u001b[33mclass\u001b[39m=\u001b[32m\"fixed inset-0 bg-black flex items-center justify-center p-4\"\u001b[39m\n    \u001b[36m>\u001b[39m\n      \u001b[36m<div\u001b[39m\n        \u001b[33mclass\u001b[39m=\u001b[32m\"bg-[#18181b] border border-red-500/30 rounded-2xl p-8 max-w-md text-center\"\u001b[39m\n      \u001b[36m>\u001b[39m\n        \u001b[36m<div\u001b[39m\n          \u001b[33mclass\u001b[39m=\u001b[32m\"w-16 h-16 bg-red-500/10 rounded-full flex items-center justify-center mx-auto mb-4\"\u001b[39m\n        \u001b[36m>\u001b[39m\n          \u001b[36m<svg\u001b[39m\n            \u001b[33maria-hidden\u001b[39m=\u001b[32m\"true\"\u001b[39m\n            \u001b[33mclass\u001b[39m=\u001b[32m\"lucide lucide-triangle-alert text-red-500\"\u001b[39m\n            \u001b[33mfill\u001b[39m=\u001b[32m\"none\"\u001b[39m\n            \u001b[33mheight\u001b[39m=\u001b[32m\"32\"\u001b[39m\n            \u001b[33mstroke\u001b[39m=\u001b[32m\"currentColor\"\u001b[39m\n            \u001b[33mstroke-linecap\u001b[39m=\u001b[32m\"round\"\u001b[39m\n            \u001b[33mstroke-linejoin\u001b[39m=\u001b[32m\"round\"\u001b[39m\n            \u001b[33mstroke-width\u001b[39m=\u001b[32m\"2\"\u001b[39m\n            \u001b[33mviewBox\u001b[39m=\u001b[32m\"0 0 24 24\"\u001b[39m\n            \u001b[33mwidth\u001b[39m=\u001b[32m\"32\"\u001b[39m\n            \u001b[33mxmlns\u001b[39m=\u001b[32m\"http://www.w3.org/2000/svg\"\u001b[39m\n          \u001b[36m>\u001b[39m\n            \u001b[36m<path\u001b[39m\n              \u001b[33md\u001b[39m=\u001b[32m\"m21.73 18-8-14a2 2 0 0 0-3.48 0l-8 14A2 2 0 0 0 4 21h16a2 2 0 0 0 1.73-3\"\u001b[39m\n            \u001b[36m/>\u001b[39m\n            \u001b[36m<path\u001b[39m\n              \u001b[33md\u001b[39m=\u001b[32m\"M12 9v4\"\u001b[39m\n            \u001b[36m/>\u001b[39m\n            \u001b[36m<path\u001b[39m\n              \u001b[33md\u001b[39m=\u001b[32m\"M12 17h.01\"\u001b[39m\n            \u001b[36m/>\u001b[39m\n          \u001b[36m</svg>\u001b[39m\n        \u001b[36m</div>\u001b[39m\n        \u001b[36m<h2\u001b[39m\n          \u001b[33mclass\u001b[39m=\u001b[32m\"text-xl font-semibold text-white mb-2\"\u001b[39m\n        \u001b[36m>\u001b[39m\n          \u001b[0mSomething went wrong\u001b[0m\n        \u001b[36m</h2>\u001b[39m\n        \u001b[36m<p\u001b[39m\n          \u001b[33mclass\u001b[39m=\u001b[32m\"text-gray-400 text-sm mb-6\"\u001b[39m\n        \u001b[36m>\u001b[39m\n          \u001b[0mTest error\u001b[0m\n        \u001b[36m</p>\u001b[39m\n        \u001b[36m<button\u001b[39m\n          \u001b[33mclass\u001b[39m=\u001b[32m\"px-6 py-2 bg-blue-600 hover:bg-blue-500 text-white rounded-lg flex items-center gap-2 mx-auto transition-colors\"\u001b[39m\n        \u001b[36m>\u001b[39m\n          \u001b[36m<svg\u001b[39m\n            \u001b[33maria-hidden\u001b[39m=\u001b[32m\"true\"\u001b[39m\n            \u001b[33mclass\u001b[39m=\u001b[32m\"lucide lucide-refresh-cw\"\u001b[39m\n            \u001b[33mfill\u001b[39m=\u001b[32m\"none\"\u001b[39m\n            \u001b[33mheight\u001b[39m=\u001b[32m\"16\"\u001b[39m\n            \u001b[33mstroke\u001b[39m=\u001b[32m\"currentColor\"\u001b[39m\n            \u001b[33mstroke-linecap\u001b[39m=\u001b[32m\"round\"\u001b[39m\n            \u001b[33mstroke-linejoin\u001b[39m=\u001b[32m\"round\"\u001b[39m\n            \u001b[33mstroke-width\u001b[39m=\u001b[32m\"2\"\u001b[39m\n            \u001b[33mviewBox\u001b[39m=\u001b[32m\"0 0 24 24\"\u001b[39m\n            \u001b[33mwidth\u001b[39m=\u001b[32m\"16\"\u001b[39m\n            \u001b[33mxmlns\u001b[39m=\u001b[32m\"http://www.w3.org/2000/svg\"\u001b[39m\n          \u001b[36m>\u001b[39m\n            \u001b[36m<path\u001b[39m\n              \u001b[33md\u001b[39m=\u001b[32m\"M3 12a9 9 0 0 1 9-9 9.75 9.75 0 0 1 6.74 2.74L21 8\"\u001b[39m\n            \u001b[36m/>\u001b[39m\n            \u001b[36m<path\u001b[39m\n              \u001b[33md\u001b[39m=\u001b[32m\"M21 3v5h-5\"\u001b[39m\n            \u001b[36m/>\u001b[39m\n            \u001b[36m<path\u001b[39m\n              \u001b[33md\u001b[39m=\u001b[32m\"M21 12a9 9 0 0 1-9 9 9.75 9.75 0 0 1-6.74-2.74L3 16\"\u001b[39m\n            \u001b[36m/>\u001b[39m\n            \u001b[36m<path\u001b[39m\n              \u001b[33md\u001b[39m=\u001b[32m\"M8 16H3v5\"\u001b[39m\n            \u001b[36m/>\u001b[39m\n          \u001b[36m</svg>\u001b[39m\n          \u001b[0mTry Again\u001b[0m\n        \u001b[36m</button>\u001b[39m\n      \u001b[36m</div>\u001b[39m\n    \u001b[36m</div>\u001b[39m\n    \u001b[36m<div\u001b[39m\n      \u001b[33mclass\u001b[39m=\u001b[32m\"fixed bottom-4 right-4 z-[100] flex flex-col gap-2 pointer-events-none\"\u001b[39m\n    \u001b[36m/>\u001b[39m\n  \u001b[36m</div>\u001b[39m\n\u001b[36m</body>\u001b[39m\n    at Object.getElementError (C:\\Users\\dlwta\\112324324\\node_modules\\@testing-library\\dom\\dist\\config.js:37:19)\n    at C:\\Users\\dlwta\\112324324\\node_modules\\@testing-library\\dom\\dist\\query-helpers.js:76:38\n    at C:\\Users\\dlwta\\112324324\\node_modules\\@testing-library\\dom\\dist\\query-helpers.js:52:17\n    at C:\\Users\\dlwta\\112324324\\node_modules\\@testing-library\\dom\\dist\\query-helpers.js:95:19\n    at C:/Users/dlwta/112324324/components/__tests__/ErrorBoundary.test.tsx:110:19\n    at file:///C:/Users/dlwta/112324324/node_modules/@vitest/runner/dist/index.js:145:11\n    at file:///C:/Users/dlwta/112324324/node_modules/@vitest/runner/dist/index.js:915:26\n    at file:///C:/Users/dlwta/112324324/node_modules/@vitest/runner/dist/index.js:1243:20\n    at new Promise (<anonymous>)\n    at runWithTimeout (file:///C:/Users/dlwta/112324324/node_modules/@vitest/runner/dist/index.js:1209:10)"],"location":{"line":91,"column":3},"meta":{}},{"ancestorTitles":["ErrorBoundary"],"fullName":"ErrorBoundary handles multiple errors correctly","status":"failed","title":"handles multiple errors correctly","duration":30.7512999999999,"failureMessages":["TestingLibraryElementError: Unable to find an element with the text: Second error. This could be because the text is broken up by multiple elements. In this case, you can provide a function for your text matcher to make your matcher more flexible.\n\nIgnored nodes: comments, script, style\n\u001b[36m<body>\u001b[39m\n  \u001b[36m<div>\u001b[39m\n    \u001b[36m<div\u001b[39m\n      \u001b[33mclass\u001b[39m=\u001b[32m\"fixed inset-0 bg-black flex items-center justify-center p-4\"\u001b[39m\n    \u001b[36m>\u001b[39m\n      \u001b[36m<div\u001b[39m\n        \u001b[33mclass\u001b[39m=\u001b[32m\"bg-[#18181b] border border-red-500/30 rounded-2xl p-8 max-w-md text-center\"\u001b[39m\n      \u001b[36m>\u001b[39m\n        \u001b[36m<div\u001b[39m\n          \u001b[33mclass\u001b[39m=\u001b[32m\"w-16 h-16 bg-red-500/10 rounded-full flex items-center justify-center mx-auto mb-4\"\u001b[39m\n        \u001b[36m>\u001b[39m\n          \u001b[36m<svg\u001b[39m\n            \u001b[33maria-hidden\u001b[39m=\u001b[32m\"true\"\u001b[39m\n            \u001b[33mclass\u001b[39m=\u001b[32m\"lucide lucide-triangle-alert text-red-500\"\u001b[39m\n            \u001b[33mfill\u001b[39m=\u001b[32m\"none\"\u001b[39m\n            \u001b[33mheight\u001b[39m=\u001b[32m\"32\"\u001b[39m\n            \u001b[33mstroke\u001b[39m=\u001b[32m\"currentColor\"\u001b[39m\n            \u001b[33mstroke-linecap\u001b[39m=\u001b[32m\"round\"\u001b[39m\n            \u001b[33mstroke-linejoin\u001b[39m=\u001b[32m\"round\"\u001b[39m\n            \u001b[33mstroke-width\u001b[39m=\u001b[32m\"2\"\u001b[39m\n            \u001b[33mviewBox\u001b[39m=\u001b[32m\"0 0 24 24\"\u001b[39m\n            \u001b[33mwidth\u001b[39m=\u001b[32m\"32\"\u001b[39m\n            \u001b[33mxmlns\u001b[39m=\u001b[32m\"http://www.w3.org/2000/svg\"\u001b[39m\n          \u001b[36m>\u001b[39m\n            \u001b[36m<path\u001b[39m\n              \u001b[33md\u001b[39m=\u001b[32m\"m21.73 18-8-14a2 2 0 0 0-3.48 0l-8 14A2 2 0 0 0 4 21h16a2 2 0 0 0 1.73-3\"\u001b[39m\n            \u001b[36m/>\u001b[39m\n            \u001b[36m<path\u001b[39m\n              \u001b[33md\u001b[39m=\u001b[32m\"M12 9v4\"\u001b[39m\n            \u001b[36m/>\u001b[39m\n            \u001b[36m<path\u001b[39m\n              \u001b[33md\u001b[39m=\u001b[32m\"M12 17h.01\"\u001b[39m\n            \u001b[36m/>\u001b[39m\n          \u001b[36m</svg>\u001b[39m\n        \u001b[36m</div>\u001b[39m\n        \u001b[36m<h2\u001b[39m\n          \u001b[33mclass\u001b[39m=\u001b[32m\"text-xl font-semibold text-white mb-2\"\u001b[39m\n        \u001b[36m>\u001b[39m\n          \u001b[0mSomething went wrong\u001b[0m\n        \u001b[36m</h2>\u001b[39m\n        \u001b[36m<p\u001b[39m\n          \u001b[33mclass\u001b[39m=\u001b[32m\"text-gray-400 text-sm mb-6\"\u001b[39m\n        \u001b[36m>\u001b[39m\n          \u001b[0mFirst error\u001b[0m\n        \u001b[36m</p>\u001b[39m\n        \u001b[36m<button\u001b[39m\n          \u001b[33mclass\u001b[39m=\u001b[32m\"px-6 py-2 bg-blue-600 hover:bg-blue-500 text-white rounded-lg flex items-center gap-2 mx-auto transition-colors\"\u001b[39m\n        \u001b[36m>\u001b[39m\n          \u001b[36m<svg\u001b[39m\n            \u001b[33maria-hidden\u001b[39m=\u001b[32m\"true\"\u001b[39m\n            \u001b[33mclass\u001b[39m=\u001b[32m\"lucide lucide-refresh-cw\"\u001b[39m\n            \u001b[33mfill\u001b[39m=\u001b[32m\"none\"\u001b[39m\n            \u001b[33mheight\u001b[39m=\u001b[32m\"16\"\u001b[39m\n            \u001b[33mstroke\u001b[39m=\u001b[32m\"currentColor\"\u001b[39m\n            \u001b[33mstroke-linecap\u001b[39m=\u001b[32m\"round\"\u001b[39m\n            \u001b[33mstroke-linejoin\u001b[39m=\u001b[32m\"round\"\u001b[39m\n            \u001b[33mstroke-width\u001b[39m=\u001b[32m\"2\"\u001b[39m\n            \u001b[33mviewBox\u001b[39m=\u001b[32m\"0 0 24 24\"\u001b[39m\n            \u001b[33mwidth\u001b[39m=\u001b[32m\"16\"\u001b[39m\n            \u001b[33mxmlns\u001b[39m=\u001b[32m\"http://www.w3.org/2000/svg\"\u001b[39m\n          \u001b[36m>\u001b[39m\n            \u001b[36m<path\u001b[39m\n              \u001b[33md\u001b[39m=\u001b[32m\"M3 12a9 9 0 0 1 9-9 9.75 9.75 0 0 1 6.74 2.74L21 8\"\u001b[39m\n            \u001b[36m/>\u001b[39m\n            \u001b[36m<path\u001b[39m\n              \u001b[33md\u001b[39m=\u001b[32m\"M21 3v5h-5\"\u001b[39m\n            \u001b[36m/>\u001b[39m\n            \u001b[36m<path\u001b[39m\n              \u001b[33md\u001b[39m=\u001b[32m\"M21 12a9 9 0 0 1-9 9 9.75 9.75 0 0 1-6.74-2.74L3 16\"\u001b[39m\n            \u001b[36m/>\u001b[39m\n            \u001b[36m<path\u001b[39m\n              \u001b[33md\u001b[39m=\u001b[32m\"M8 16H3v5\"\u001b[39m\n            \u001b[36m/>\u001b[39m\n          \u001b[36m</svg>\u001b[39m\n          \u001b[0mTry Again\u001b[0m\n        \u001b[36m</button>\u001b[39m\n      \u001b[36m</div>\u001b[39m\n    \u001b[36m</div>\u001b[39m\n    \u001b[36m<div\u001b[39m\n      \u001b[33mclass\u001b[39m=\u001b[32m\"fixed bottom-4 right-4 z-[100] flex flex-col gap-2 pointer-events-none\"\u001b[39m\n    \u001b[36m/>\u001b[39m\n  \u001b[36m</div>\u001b[39m\n\u001b[36m</body>\u001b[39m\n    at Object.getElementError (C:\\Users\\dlwta\\112324324\\node_modules\\@testing-library\\dom\\dist\\config.js:37:19)\n    at C:\\Users\\dlwta\\112324324\\node_modules\\@testing-library\\dom\\dist\\query-helpers.js:76:38\n    at C:\\Users\\dlwta\\112324324\\node_modules\\@testing-library\\dom\\dist\\query-helpers.js:52:17\n    at C:\\Users\\dlwta\\112324324\\node_modules\\@testing-library\\dom\\dist\\query-helpers.js:95:19\n    at C:/Users/dlwta/112324324/components/__tests__/ErrorBoundary.test.tsx:132:19\n    at file:///C:/Users/dlwta/112324324/node_modules/@vitest/runner/dist/index.js:145:11\n    at file:///C:/Users/dlwta/112324324/node_modules/@vitest/runner/dist/index.js:915:26\n    at file:///C:/Users/dlwta/112324324/node_modules/@vitest/runner/dist/index.js:1243:20\n    at new Promise (<anonymous>)\n    at runWithTimeout (file:///C:/Users/dlwta/112324324/node_modules/@vitest/runner/dist/index.js:1209:10)"],"location":{"line":114,"column":3},"meta":{}},{"ancestorTitles":["ErrorBoundary"],"fullName":"ErrorBoundary maintains error state between renders","status":"passed","title":"maintains error state between renders","duration":8.39240000000018,"failureMessages":[],"location":{"line":135,"column":3},"meta":{}},{"ancestorTitles":["ErrorBoundary"],"fullName":"ErrorBoundary applies correct styling to error UI","status":"failed","title":"applies correct styling to error UI","duration":268.7019,"failureMessages":["TestingLibraryElementError: Unable to find an element with the role \"img\"\n\nHere are the available roles:\n\n  heading:\n\n  Name \"Something went wrong\":\n  \u001b[36m<h2\u001b[39m\n    \u001b[33mclass\u001b[39m=\u001b[32m\"text-xl font-semibold text-white mb-2\"\u001b[39m\n  \u001b[36m/>\u001b[39m\n\n  --------------------------------------------------\n  paragraph:\n\n  Name \"\":\n  \u001b[36m<p\u001b[39m\n    \u001b[33mclass\u001b[39m=\u001b[32m\"text-gray-400 text-sm mb-6\"\u001b[39m\n  \u001b[36m/>\u001b[39m\n\n  --------------------------------------------------\n  button:\n\n  Name \"Try Again\":\n  \u001b[36m<button\u001b[39m\n    \u001b[33mclass\u001b[39m=\u001b[32m\"px-6 py-2 bg-blue-600 hover:bg-blue-500 text-white rounded-lg flex items-center gap-2 mx-auto transition-colors\"\u001b[39m\n  \u001b[36m/>\u001b[39m\n\n  --------------------------------------------------\n\nIgnored nodes: comments, script, style\n\u001b[36m<body>\u001b[39m\n  \u001b[36m<div>\u001b[39m\n    \u001b[36m<div\u001b[39m\n      \u001b[33mclass\u001b[39m=\u001b[32m\"fixed inset-0 bg-black flex items-center justify-center p-4\"\u001b[39m\n    \u001b[36m>\u001b[39m\n      \u001b[36m<div\u001b[39m\n        \u001b[33mclass\u001b[39m=\u001b[32m\"bg-[#18181b] border border-red-500/30 rounded-2xl p-8 max-w-md text-center\"\u001b[39m\n      \u001b[36m>\u001b[39m\n        \u001b[36m<div\u001b[39m\n          \u001b[33mclass\u001b[39m=\u001b[32m\"w-16 h-16 bg-red-500/10 rounded-full flex items-center justify-center mx-auto mb-4\"\u001b[39m\n        \u001b[36m>\u001b[39m\n          \u001b[36m<svg\u001b[39m\n            \u001b[33maria-hidden\u001b[39m=\u001b[32m\"true\"\u001b[39m\n            \u001b[33mclass\u001b[39m=\u001b[32m\"lucide lucide-triangle-alert text-red-500\"\u001b[39m\n            \u001b[33mfill\u001b[39m=\u001b[32m\"none\"\u001b[39m\n            \u001b[33mheight\u001b[39m=\u001b[32m\"32\"\u001b[39m\n            \u001b[33mstroke\u001b[39m=\u001b[32m\"currentColor\"\u001b[39m\n            \u001b[33mstroke-linecap\u001b[39m=\u001b[32m\"round\"\u001b[39m\n            \u001b[33mstroke-linejoin\u001b[39m=\u001b[32m\"round\"\u001b[39m\n            \u001b[33mstroke-width\u001b[39m=\u001b[32m\"2\"\u001b[39m\n            \u001b[33mviewBox\u001b[39m=\u001b[32m\"0 0 24 24\"\u001b[39m\n            \u001b[33mwidth\u001b[39m=\u001b[32m\"32\"\u001b[39m\n            \u001b[33mxmlns\u001b[39m=\u001b[32m\"http://www.w3.org/2000/svg\"\u001b[39m\n          \u001b[36m>\u001b[39m\n            \u001b[36m<path\u001b[39m\n              \u001b[33md\u001b[39m=\u001b[32m\"m21.73 18-8-14a2 2 0 0 0-3.48 0l-8 14A2 2 0 0 0 4 21h16a2 2 0 0 0 1.73-3\"\u001b[39m\n            \u001b[36m/>\u001b[39m\n            \u001b[36m<path\u001b[39m\n              \u001b[33md\u001b[39m=\u001b[32m\"M12 9v4\"\u001b[39m\n            \u001b[36m/>\u001b[39m\n            \u001b[36m<path\u001b[39m\n              \u001b[33md\u001b[39m=\u001b[32m\"M12 17h.01\"\u001b[39m\n            \u001b[36m/>\u001b[39m\n          \u001b[36m</svg>\u001b[39m\n        \u001b[36m</div>\u001b[39m\n        \u001b[36m<h2\u001b[39m\n          \u001b[33mclass\u001b[39m=\u001b[32m\"text-xl font-semibold text-white mb-2\"\u001b[39m\n        \u001b[36m>\u001b[39m\n          \u001b[0mSomething went wrong\u001b[0m\n        \u001b[36m</h2>\u001b[39m\n        \u001b[36m<p\u001b[39m\n          \u001b[33mclass\u001b[39m=\u001b[32m\"text-gray-400 text-sm mb-6\"\u001b[39m\n        \u001b[36m>\u001b[39m\n          \u001b[0mTest error\u001b[0m\n        \u001b[36m</p>\u001b[39m\n        \u001b[36m<button\u001b[39m\n          \u001b[33mclass\u001b[39m=\u001b[32m\"px-6 py-2 bg-blue-600 hover:bg-blue-500 text-white rounded-lg flex items-center gap-2 mx-auto transition-colors\"\u001b[39m\n        \u001b[36m>\u001b[39m\n          \u001b[36m<svg\u001b[39m\n            \u001b[33maria-hidden\u001b[39m=\u001b[32m\"true\"\u001b[39m\n            \u001b[33mclass\u001b[39m=\u001b[32m\"lucide lucide-refresh-cw\"\u001b[39m\n            \u001b[33mfill\u001b[39m=\u001b[32m\"none\"\u001b[39m\n            \u001b[33mheight\u001b[39m=\u001b[32m\"16\"\u001b[39m\n            \u001b[33mstroke\u001b[39m=\u001b[32m\"currentColor\"\u001b[39m\n            \u001b[33mstroke-linecap\u001b[39m=\u001b[32m\"round\"\u001b[39m\n            \u001b[33mstroke-linejoin\u001b[39m=\u001b[32m\"round\"\u001b[39m\n            \u001b[33mstroke-width\u001b[39m=\u001b[32m\"2\"\u001b[39m\n            \u001b[33mviewBox\u001b[39m=\u001b[32m\"0 0 24 24\"\u001b[39m\n            \u001b[33mwidth\u001b[39m=\u001b[32m\"16\"\u001b[39m\n            \u001b[33mxmlns\u001b[39m=\u001b[32m\"http://www.w3.org/2000/svg\"\u001b[39m\n          \u001b[36m>\u001b[39m\n            \u001b[36m<path\u001b[39m\n              \u001b[33md\u001b[39m=\u001b[32m\"M3 12a9 9 0 0 1 9-9 9.75 9.75 0 0 1 6.74 2.74L21 8\"\u001b[39m\n            \u001b[36m/>\u001b[39m\n            \u001b[36m<path\u001b[39m\n              \u001b[33md\u001b[39m=\u001b[32m\"M21 3v5h-5\"\u001b[39m\n            \u001b[36m/>\u001b[39m\n            \u001b[36m<path\u001b[39m\n              \u001b[33md\u001b[39m=\u001b[32m\"M21 12a9 9 0 0 1-9 9 9.75 9.75 0 0 1-6.74-2.74L3 16\"\u001b[39m\n            \u001b[36m/>\u001b[39m\n            \u001b[36m<path\u001b[39m\n              \u001b[33md\u001b[39m=\u001b[32m\"M8 16H3v5\"\u001b[39m\n            \u001b[36m/>\u001b[39m\n          \u001b[36m</svg>\u001b[39m\n          \u001b[0mTry Again\u001b[0m\n        \u001b[36m</button>\u001b[39m\n      \u001b[36m</div>\u001b[39m\n    \u001b[36m</div>\u001b[39m\n    \u001b[36m<div\u001b[39m\n      \u001b[33mclass\u001b[39m=\u001b[32m\"fixed bottom-4 right-4 z-[100] flex flex-col gap-2 pointer-events-none\"\u001b[39m\n    \u001b[36m/>\u001b[39m\n  \u001b[36m</div>\u001b[39m\n\u001b[36m</body>\u001b[39m\n    at Object.getElementError (C:\\Users\\dlwta\\112324324\\node_modules\\@testing-library\\dom\\dist\\config.js:37:19)\n    at C:\\Users\\dlwta\\112324324\\node_modules\\@testing-library\\dom\\dist\\query-helpers.js:76:38\n    at C:\\Users\\dlwta\\112324324\\node_modules\\@testing-library\\dom\\dist\\query-helpers.js:52:17\n    at C:\\Users\\dlwta\\112324324\\node_modules\\@testing-library\\dom\\dist\\query-helpers.js:95:19\n    at C:/Users/dlwta/112324324/components/__tests__/ErrorBoundary.test.tsx:164:34\n    at file:///C:/Users/dlwta/112324324/node_modules/@vitest/runner/dist/index.js:145:11\n    at file:///C:/Users/dlwta/112324324/node_modules/@vitest/runner/dist/index.js:915:26\n    at file:///C:/Users/dlwta/112324324/node_modules/@vitest/runner/dist/index.js:1243:20\n    at new Promise (<anonymous>)\n    at runWithTimeout (file:///C:/Users/dlwta/112324324/node_modules/@vitest/runner/dist/index.js:1209:10)"],"location":{"line":154,"column":3},"meta":{}},{"ancestorTitles":["ErrorBoundary"],"fullName":"ErrorBoundary shows retry button with correct styling","status":"passed","title":"shows retry button with correct styling","duration":11.352500000000418,"failureMessages":[],"location":{"line":168,"column":3},"meta":{}},{"ancestorTitles":["ErrorBoundary"],"fullName":"ErrorBoundary renders error boundary as fullscreen overlay","status":"passed","title":"renders error boundary as fullscreen overlay","duration":10.855799999999817,"failureMessages":[],"location":{"line":189,"column":3},"meta":{}},{"ancestorTitles":["ErrorBoundary"],"fullName":"ErrorBoundary handles Error objects without message property","status":"passed","title":"handles Error objects without message property","duration":10.271400000000085,"failureMessages":[],"location":{"line":200,"column":3},"meta":{}}],"startTime":1768283010641,"endTime":1768283011221.2715,"status":"failed","message":"","name":"C:/Users/dlwta/112324324/components/__tests__/ErrorBoundary.test.tsx"},{"assertionResults":[{"ancestorTitles":["Gemini Service","API Key Validation"],"fullName":"Gemini Service API Key Validation returns false when no API key is set","status":"passed","title":"returns false when no API key is set","duration":2.912499999999909,"failureMessages":[],"location":{"line":73,"column":5},"meta":{}},{"ancestorTitles":["Gemini Service","API Key Validation"],"fullName":"Gemini Service API Key Validation returns false for invalid API keys","status":"passed","title":"returns false for invalid API keys","duration":0.6939000000002125,"failureMessages":[],"location":{"line":77,"column":5},"meta":{}},{"ancestorTitles":["Gemini Service","API Key Validation"],"fullName":"Gemini Service API Key Validation returns true for valid API keys","status":"passed","title":"returns true for valid API keys","duration":0.3554999999996653,"failureMessages":[],"location":{"line":85,"column":5},"meta":{}},{"ancestorTitles":["Gemini Service","Settings Management"],"fullName":"Gemini Service Settings Management saves API key and model settings","status":"passed","title":"saves API key and model settings","duration":0.7887999999998101,"failureMessages":[],"location":{"line":92,"column":5},"meta":{}},{"ancestorTitles":["Gemini Service","Settings Management"],"fullName":"Gemini Service Settings Management returns correct current model info","status":"passed","title":"returns correct current model info","duration":0.41649999999981446,"failureMessages":[],"location":{"line":102,"column":5},"meta":{}},{"ancestorTitles":["Gemini Service","Settings Management"],"fullName":"Gemini Service Settings Management returns default model when none set","status":"passed","title":"returns default model when none set","duration":0.2725000000000364,"failureMessages":[],"location":{"line":110,"column":5},"meta":{}},{"ancestorTitles":["Gemini Service","Available Models"],"fullName":"Gemini Service Available Models contains all expected models","status":"passed","title":"contains all expected models","duration":3.6679999999996653,"failureMessages":[],"location":{"line":117,"column":5},"meta":{}},{"ancestorTitles":["Gemini Service","Available Models"],"fullName":"Gemini Service Available Models has correct model properties","status":"passed","title":"has correct model properties","duration":0.4076000000000022,"failureMessages":[],"location":{"line":127,"column":5},"meta":{}},{"ancestorTitles":["Gemini Service","streamIdeaResponse"],"fullName":"Gemini Service streamIdeaResponse streams idea response successfully","status":"failed","title":"streams idea response successfully","duration":10.359199999999873,"failureMessages":["AssertionError: expected [ Array(1) ] to deeply equal [ 'Planning your', …(2) ]\n    at C:/Users/dlwta/112324324/services/__tests__/gemini.test.ts:165:22\n    at file:///C:/Users/dlwta/112324324/node_modules/@vitest/runner/dist/index.js:915:20"],"location":{"line":139,"column":5},"meta":{}},{"ancestorTitles":["Gemini Service","streamIdeaResponse"],"fullName":"Gemini Service streamIdeaResponse handles API key not configured","status":"passed","title":"handles API key not configured","duration":0.8796000000002095,"failureMessages":[],"location":{"line":175,"column":5},"meta":{}},{"ancestorTitles":["Gemini Service","streamIdeaResponse"],"fullName":"Gemini Service streamIdeaResponse handles image input","status":"failed","title":"handles image input","duration":2.031800000000203,"failureMessages":["AssertionError: expected [ Array(1) ] to deeply equal [ 'Analyzing image...' ]\n    at C:/Users/dlwta/112324324/services/__tests__/gemini.test.ts:210:22\n    at file:///C:/Users/dlwta/112324324/node_modules/@vitest/runner/dist/index.js:915:20"],"location":{"line":184,"column":5},"meta":{}},{"ancestorTitles":["Gemini Service","streamIdeaResponse"],"fullName":"Gemini Service streamIdeaResponse handles rate limiting with retry","status":"failed","title":"handles rate limiting with retry","duration":4.228900000000067,"failureMessages":["AssertionError: expected [ Array(1) ] to deeply equal [ 'Success after retry' ]\n    at C:/Users/dlwta/112324324/services/__tests__/gemini.test.ts:274:22\n    at file:///C:/Users/dlwta/112324324/node_modules/@vitest/runner/dist/index.js:915:20"],"location":{"line":232,"column":5},"meta":{}},{"ancestorTitles":["Gemini Service","streamIdeaResponse"],"fullName":"Gemini Service streamIdeaResponse handles daily quota exhaustion","status":"failed","title":"handles daily quota exhaustion","duration":4.335900000000038,"failureMessages":["AssertionError: expected '❌ **AI Service Error**\\n\\n() => mockC…' to contain 'Daily Quota Exceeded'\n    at C:/Users/dlwta/112324324/services/__tests__/gemini.test.ts:299:25\n    at file:///C:/Users/dlwta/112324324/node_modules/@vitest/runner/dist/index.js:915:20"],"location":{"line":279,"column":5},"meta":{}},{"ancestorTitles":["Gemini Service","streamIdeaResponse"],"fullName":"Gemini Service streamIdeaResponse handles network errors","status":"failed","title":"handles network errors","duration":1.911200000000008,"failureMessages":["AssertionError: expected '❌ **AI Service Error**\\n\\n() => mockC…' to contain 'Network Error'\n    at C:/Users/dlwta/112324324/services/__tests__/gemini.test.ts:322:25\n    at file:///C:/Users/dlwta/112324324/node_modules/@vitest/runner/dist/index.js:915:20"],"location":{"line":302,"column":5},"meta":{}},{"ancestorTitles":["Gemini Service","generateVibeIdeas"],"fullName":"Gemini Service generateVibeIdeas generates vibe ideas successfully","status":"failed","title":"generates vibe ideas successfully","duration":3.1523000000001957,"failureMessages":["AssertionError: expected [ 'Futuristic Dashboard', …(4) ] to deeply equal [ 'AI Fitness Tracker', …(4) ]\n    at C:/Users/dlwta/112324324/services/__tests__/gemini.test.ts:344:21\n    at file:///C:/Users/dlwta/112324324/node_modules/@vitest/runner/dist/index.js:915:20"],"location":{"line":327,"column":5},"meta":{}},{"ancestorTitles":["Gemini Service","generateVibeIdeas"],"fullName":"Gemini Service generateVibeIdeas returns fallback ideas on error","status":"passed","title":"returns fallback ideas on error","duration":0.8901000000000749,"failureMessages":[],"location":{"line":365,"column":5},"meta":{}},{"ancestorTitles":["Gemini Service","streamAppCode"],"fullName":"Gemini Service streamAppCode streams app code successfully","status":"failed","title":"streams app code successfully","duration":1.6034999999997126,"failureMessages":["AssertionError: expected [ Array(1) ] to deeply equal [ '<html>', …(2) ]\n    at C:/Users/dlwta/112324324/services/__tests__/gemini.test.ts:417:22\n    at file:///C:/Users/dlwta/112324324/node_modules/@vitest/runner/dist/index.js:915:20"],"location":{"line":391,"column":5},"meta":{}},{"ancestorTitles":["Gemini Service","streamAppCode"],"fullName":"Gemini Service streamAppCode includes plan in the prompt","status":"failed","title":"includes plan in the prompt","duration":1.6525000000001455,"failureMessages":["AssertionError: expected \"vi.fn()\" to be called with arguments: [ 'gemini-3-flash' ]\n\nNumber of calls: 0\n\n    at Proxy.<anonymous> (file:///C:/Users/dlwta/112324324/node_modules/@vitest/expect/dist/index.js:1420:10)\n    at Proxy.<anonymous> (file:///C:/Users/dlwta/112324324/node_modules/@vitest/expect/dist/index.js:1090:14)\n    at Proxy.methodWrapper (file:///C:/Users/dlwta/112324324/node_modules/chai/index.js:1700:25)\n    at C:/Users/dlwta/112324324/services/__tests__/gemini.test.ts:445:45\n    at file:///C:/Users/dlwta/112324324/node_modules/@vitest/runner/dist/index.js:915:20"],"location":{"line":420,"column":5},"meta":{}},{"ancestorTitles":["Gemini Service","streamCodeEdit"],"fullName":"Gemini Service streamCodeEdit streams code edits successfully","status":"failed","title":"streams code edits successfully","duration":2.7836999999999534,"failureMessages":["AssertionError: expected [ Array(1) ] to deeply equal [ Array(1) ]\n    at C:/Users/dlwta/112324324/services/__tests__/gemini.test.ts:482:22\n    at file:///C:/Users/dlwta/112324324/node_modules/@vitest/runner/dist/index.js:915:20"],"location":{"line":455,"column":5},"meta":{}},{"ancestorTitles":["Gemini Service","streamCodeEdit"],"fullName":"Gemini Service streamCodeEdit returns original code on error","status":"passed","title":"returns original code on error","duration":0.9426000000003114,"failureMessages":[],"location":{"line":494,"column":5},"meta":{}},{"ancestorTitles":["Gemini Service","Error Handling"],"fullName":"Gemini Service Error Handling handles various error types appropriately","status":"failed","title":"handles various error types appropriately","duration":2.9857999999999265,"failureMessages":["AssertionError: expected '❌ **AI Service Error**\\n\\n() => mockC…' to contain 'API Key Required'\n    at C:/Users/dlwta/112324324/services/__tests__/gemini.test.ts:561:27\n    at file:///C:/Users/dlwta/112324324/node_modules/@vitest/runner/dist/index.js:915:20"],"location":{"line":519,"column":5},"meta":{}}],"startTime":1768283011177,"endTime":1768283011225.9858,"status":"failed","message":"","name":"C:/Users/dlwta/112324324/services/__tests__/gemini.test.ts"},{"assertionResults":[{"ancestorTitles":["useProjectFileSystem"],"fullName":"useProjectFileSystem returns hook interface with correct structure","status":"passed","title":"returns hook interface with correct structure","duration":36.79589999999962,"failureMessages":[],"location":{"line":49,"column":3},"meta":{}},{"ancestorTitles":["useProjectFileSystem"],"fullName":"useProjectFileSystem initializes with loading state","status":"passed","title":"initializes with loading state","duration":6.959299999999985,"failureMessages":[],"location":{"line":68,"column":3},"meta":{}},{"ancestorTitles":["useProjectFileSystem"],"fullName":"useProjectFileSystem updateFile function exists and is callable","status":"passed","title":"updateFile function exists and is callable","duration":6.211699999999837,"failureMessages":[],"location":{"line":78,"column":3},"meta":{}},{"ancestorTitles":["useProjectFileSystem"],"fullName":"useProjectFileSystem createFile function exists and is callable","status":"passed","title":"createFile function exists and is callable","duration":6.329499999999825,"failureMessages":[],"location":{"line":89,"column":3},"meta":{}},{"ancestorTitles":["useProjectFileSystem"],"fullName":"useProjectFileSystem deleteFile function exists and is callable","status":"passed","title":"deleteFile function exists and is callable","duration":7.809099999999944,"failureMessages":[],"location":{"line":103,"column":3},"meta":{}},{"ancestorTitles":["useProjectFileSystem"],"fullName":"useProjectFileSystem renameFile function exists and is callable","status":"passed","title":"renameFile function exists and is callable","duration":5.769000000000233,"failureMessages":[],"location":{"line":114,"column":3},"meta":{}},{"ancestorTitles":["useProjectFileSystem"],"fullName":"useProjectFileSystem forceSave function exists and is callable","status":"passed","title":"forceSave function exists and is callable","duration":6.625700000000052,"failureMessages":[],"location":{"line":125,"column":3},"meta":{}},{"ancestorTitles":["useProjectFileSystem"],"fullName":"useProjectFileSystem flushAll function exists and is callable","status":"passed","title":"flushAll function exists and is callable","duration":3.7272000000002663,"failureMessages":[],"location":{"line":136,"column":3},"meta":{}},{"ancestorTitles":["useProjectFileSystem"],"fullName":"useProjectFileSystem clearError function exists and is callable","status":"passed","title":"clearError function exists and is callable","duration":5.900300000000243,"failureMessages":[],"location":{"line":147,"column":3},"meta":{}},{"ancestorTitles":["useProjectFileSystem"],"fullName":"useProjectFileSystem setActiveFileId function exists and is callable","status":"passed","title":"setActiveFileId function exists and is callable","duration":2.145599999999831,"failureMessages":[],"location":{"line":158,"column":3},"meta":{}}],"startTime":1768283011059,"endTime":1768283011147.1455,"status":"passed","message":"","name":"C:/Users/dlwta/112324324/hooks/__tests__/useProjectFileSystem.test.ts"},{"assertionResults":[{"ancestorTitles":["App Integration Tests"],"fullName":"App Integration Tests renders the main app with initial state","status":"failed","title":"renders the main app with initial state","duration":574.9336000000003,"failureMessages":["TestingLibraryElementError: Unable to find an element with the placeholder text of: /Ask Lovable to create/\n\nIgnored nodes: comments, script, style\n\u001b[36m<body>\u001b[39m\n  \u001b[36m<div />\u001b[39m\n\u001b[36m</body>\u001b[39m\n    at Object.getElementError (C:\\Users\\dlwta\\112324324\\node_modules\\@testing-library\\dom\\dist\\config.js:37:19)\n    at C:\\Users\\dlwta\\112324324\\node_modules\\@testing-library\\dom\\dist\\query-helpers.js:76:38\n    at C:\\Users\\dlwta\\112324324\\node_modules\\@testing-library\\dom\\dist\\query-helpers.js:52:17\n    at C:\\Users\\dlwta\\112324324\\node_modules\\@testing-library\\dom\\dist\\query-helpers.js:95:19\n    at C:/Users/dlwta/112324324/src/__tests__/App.integration.test.tsx:28:19\n    at file:///C:/Users/dlwta/112324324/node_modules/@vitest/runner/dist/index.js:915:20"],"location":{"line":19,"column":3},"meta":{}},{"ancestorTitles":["App Integration Tests"],"fullName":"App Integration Tests shows API key warning when no key is configured","status":"failed","title":"shows API key warning when no key is configured","duration":514.7712000000001,"failureMessages":["TestingLibraryElementError: Unable to find an element with the text: /Click here to configure/. This could be because the text is broken up by multiple elements. In this case, you can provide a function for your text matcher to make your matcher more flexible.\n\nIgnored nodes: comments, script, style\n\u001b[36m<body>\u001b[39m\n  \u001b[36m<div />\u001b[39m\n\u001b[36m</body>\u001b[39m\n    at Object.getElementError (C:\\Users\\dlwta\\112324324\\node_modules\\@testing-library\\dom\\dist\\config.js:37:19)\n    at C:\\Users\\dlwta\\112324324\\node_modules\\@testing-library\\dom\\dist\\query-helpers.js:76:38\n    at C:\\Users\\dlwta\\112324324\\node_modules\\@testing-library\\dom\\dist\\query-helpers.js:52:17\n    at C:\\Users\\dlwta\\112324324\\node_modules\\@testing-library\\dom\\dist\\query-helpers.js:95:19\n    at C:/Users/dlwta/112324324/src/__tests__/App.integration.test.tsx:44:19\n    at file:///C:/Users/dlwta/112324324/node_modules/@vitest/runner/dist/index.js:915:20"],"location":{"line":34,"column":3},"meta":{}},{"ancestorTitles":["App Integration Tests"],"fullName":"App Integration Tests handles project creation flow","status":"failed","title":"handles project creation flow","duration":512.6004000000003,"failureMessages":["TestingLibraryElementError: Unable to find an element with the placeholder text of: /Ask Lovable to create/\n\nIgnored nodes: comments, script, style\n\u001b[36m<body>\u001b[39m\n  \u001b[36m<div />\u001b[39m\n\u001b[36m</body>\u001b[39m\n    at Object.getElementError (C:\\Users\\dlwta\\112324324\\node_modules\\@testing-library\\dom\\dist\\config.js:37:19)\n    at C:\\Users\\dlwta\\112324324\\node_modules\\@testing-library\\dom\\dist\\query-helpers.js:76:38\n    at C:\\Users\\dlwta\\112324324\\node_modules\\@testing-library\\dom\\dist\\query-helpers.js:52:17\n    at C:\\Users\\dlwta\\112324324\\node_modules\\@testing-library\\dom\\dist\\query-helpers.js:95:19\n    at C:/Users/dlwta/112324324/src/__tests__/App.integration.test.tsx:63:29\n    at file:///C:/Users/dlwta/112324324/node_modules/@vitest/runner/dist/index.js:915:20"],"location":{"line":47,"column":3},"meta":{}},{"ancestorTitles":["App Integration Tests"],"fullName":"App Integration Tests handles quick actions","status":"failed","title":"handles quick actions","duration":514.0962,"failureMessages":["TestingLibraryElementError: Unable to find an element with the text: Landing Page. This could be because the text is broken up by multiple elements. In this case, you can provide a function for your text matcher to make your matcher more flexible.\n\nIgnored nodes: comments, script, style\n\u001b[36m<body>\u001b[39m\n  \u001b[36m<div />\u001b[39m\n\u001b[36m</body>\u001b[39m\n    at Object.getElementError (C:\\Users\\dlwta\\112324324\\node_modules\\@testing-library\\dom\\dist\\config.js:37:19)\n    at C:\\Users\\dlwta\\112324324\\node_modules\\@testing-library\\dom\\dist\\query-helpers.js:76:38\n    at C:\\Users\\dlwta\\112324324\\node_modules\\@testing-library\\dom\\dist\\query-helpers.js:52:17\n    at C:\\Users\\dlwta\\112324324\\node_modules\\@testing-library\\dom\\dist\\query-helpers.js:95:19\n    at C:/Users/dlwta/112324324/src/__tests__/App.integration.test.tsx:92:38\n    at file:///C:/Users/dlwta/112324324/node_modules/@vitest/runner/dist/index.js:915:20"],"location":{"line":76,"column":3},"meta":{}},{"ancestorTitles":["App Integration Tests"],"fullName":"App Integration Tests navigates between views","status":"failed","title":"navigates between views","duration":517.1844000000001,"failureMessages":["TestingLibraryElementError: Unable to find an element with the text: Test Project. This could be because the text is broken up by multiple elements. In this case, you can provide a function for your text matcher to make your matcher more flexible.\n\nIgnored nodes: comments, script, style\n\u001b[36m<body>\u001b[39m\n  \u001b[36m<div />\u001b[39m\n\u001b[36m</body>\u001b[39m\n    at Object.getElementError (C:\\Users\\dlwta\\112324324\\node_modules\\@testing-library\\dom\\dist\\config.js:37:19)\n    at C:\\Users\\dlwta\\112324324\\node_modules\\@testing-library\\dom\\dist\\query-helpers.js:76:38\n    at C:\\Users\\dlwta\\112324324\\node_modules\\@testing-library\\dom\\dist\\query-helpers.js:52:17\n    at C:\\Users\\dlwta\\112324324\\node_modules\\@testing-library\\dom\\dist\\query-helpers.js:95:19\n    at C:/Users/dlwta/112324324/src/__tests__/App.integration.test.tsx:130:32\n    at file:///C:/Users/dlwta/112324324/node_modules/@vitest/runner/dist/index.js:915:20"],"location":{"line":100,"column":3},"meta":{}},{"ancestorTitles":["App Integration Tests"],"fullName":"App Integration Tests displays projects from localStorage","status":"failed","title":"displays projects from localStorage","duration":514.6211999999996,"failureMessages":["TestingLibraryElementError: Unable to find an element with the text: Test Project. This could be because the text is broken up by multiple elements. In this case, you can provide a function for your text matcher to make your matcher more flexible.\n\nIgnored nodes: comments, script, style\n\u001b[36m<body>\u001b[39m\n  \u001b[36m<div />\u001b[39m\n\u001b[36m</body>\u001b[39m\n    at Object.getElementError (C:\\Users\\dlwta\\112324324\\node_modules\\@testing-library\\dom\\dist\\config.js:37:19)\n    at C:\\Users\\dlwta\\112324324\\node_modules\\@testing-library\\dom\\dist\\query-helpers.js:76:38\n    at C:\\Users\\dlwta\\112324324\\node_modules\\@testing-library\\dom\\dist\\query-helpers.js:52:17\n    at C:\\Users\\dlwta\\112324324\\node_modules\\@testing-library\\dom\\dist\\query-helpers.js:95:19\n    at C:/Users/dlwta/112324324/src/__tests__/App.integration.test.tsx:166:32\n    at file:///C:/Users/dlwta/112324324/node_modules/@vitest/runner/dist/index.js:915:20"],"location":{"line":138,"column":3},"meta":{}},{"ancestorTitles":["App Integration Tests"],"fullName":"App Integration Tests handles settings modal","status":"failed","title":"handles settings modal","duration":515.0903999999991,"failureMessages":["TestingLibraryElementError: Unable to find an element with the text: Settings. This could be because the text is broken up by multiple elements. In this case, you can provide a function for your text matcher to make your matcher more flexible.\n\nIgnored nodes: comments, script, style\n\u001b[36m<body>\u001b[39m\n  \u001b[36m<div />\u001b[39m\n\u001b[36m</body>\u001b[39m\n    at Object.getElementError (C:\\Users\\dlwta\\112324324\\node_modules\\@testing-library\\dom\\dist\\config.js:37:19)\n    at C:\\Users\\dlwta\\112324324\\node_modules\\@testing-library\\dom\\dist\\query-helpers.js:76:38\n    at C:\\Users\\dlwta\\112324324\\node_modules\\@testing-library\\dom\\dist\\query-helpers.js:52:17\n    at C:\\Users\\dlwta\\112324324\\node_modules\\@testing-library\\dom\\dist\\query-helpers.js:95:19\n    at C:/Users/dlwta/112324324/src/__tests__/App.integration.test.tsx:183:35\n    at file:///C:/Users/dlwta/112324324/node_modules/@vitest/runner/dist/index.js:915:20"],"location":{"line":174,"column":3},"meta":{}},{"ancestorTitles":["App Integration Tests"],"fullName":"App Integration Tests persists projects to localStorage","status":"passed","title":"persists projects to localStorage","duration":3.7489000000005035,"failureMessages":[],"location":{"line":190,"column":3},"meta":{}}],"startTime":1768283011279,"endTime":1768283014946.7488,"status":"failed","message":"","name":"C:/Users/dlwta/112324324/src/__tests__/App.integration.test.tsx"},{"assertionResults":[],"startTime":1768283007926,"endTime":1768283007926,"status":"failed","message":"Failed to resolve import \"../src/contexts/ProgressiveEnhancementContext\" from \"src/test/interaction-features.test.tsx\". Does the file exist?","name":"C:/Users/dlwta/112324324/src/test/interaction-features.test.tsx"},{"assertionResults":[],"startTime":1768283007926,"endTime":1768283007926,"status":"failed","message":"Failed to resolve import \"../src/contexts/ProgressiveEnhancementContext\" from \"src/test/progressive-enhancement.test.tsx\". Does the file exist?","name":"C:/Users/dlwta/112324324/src/test/progressive-enhancement.test.tsx"},{"assertionResults":[{"ancestorTitles":["Simple Test"],"fullName":"Simple Test should work","status":"passed","title":"should work","duration":3.3315999999999804,"failureMessages":[],"location":{"line":4,"column":3},"meta":{}}],"startTime":1768283010685,"endTime":1768283010688.3315,"status":"passed","message":"","name":"C:/Users/dlwta/112324324/src/test/simple.test.ts"},{"assertionResults":[{"ancestorTitles":["CodeEditor"],"fullName":"CodeEditor renders editor with correct props","status":"failed","title":"renders editor with correct props","duration":45.58210000000008,"failureMessages":["AssertionError: expected \"vi.fn()\" to be called with arguments: [ ObjectContaining{…}, Any<Object> ]\n\nReceived: \n\n  1st vi.fn() call:\n\n  [\n-   ObjectContaining {\n+   {\n      \"defaultLanguage\": \"html\",\n      \"height\": \"100%\",\n      \"language\": \"html\",\n+     \"loading\": <div\n+       className=\"flex items-center justify-center h-full text-gray-500 text-sm\"\n+     >\n+       Loading Editor...\n+     </div>,\n      \"onChange\": [Function Mock],\n-     \"onMount\": Any<Function>,\n-     \"options\": ObjectContaining {\n+     \"onMount\": [Function handleEditorDidMount],\n+     \"options\": {\n        \"readOnly\": false,\n        \"wordWrap\": \"on\",\n      },\n      \"theme\": \"lovable-dark\",\n      \"value\": \"<html><body>Hello World</body></html>\",\n    },\n-   Any<Object>,\n+   undefined,\n  ]\n\n\nNumber of calls: 1\n\n    at Proxy.<anonymous> (file:///C:/Users/dlwta/112324324/node_modules/@vitest/expect/dist/index.js:1420:10)\n    at Proxy.<anonymous> (file:///C:/Users/dlwta/112324324/node_modules/@vitest/expect/dist/index.js:1090:14)\n    at Proxy.methodWrapper (file:///C:/Users/dlwta/112324324/node_modules/chai/index.js:1700:25)\n    at C:/Users/dlwta/112324324/components/editor/__tests__/CodeEditor.test.tsx:41:24\n    at file:///C:/Users/dlwta/112324324/node_modules/@vitest/runner/dist/index.js:145:11\n    at file:///C:/Users/dlwta/112324324/node_modules/@vitest/runner/dist/index.js:915:26\n    at file:///C:/Users/dlwta/112324324/node_modules/@vitest/runner/dist/index.js:1243:20\n    at new Promise (<anonymous>)\n    at runWithTimeout (file:///C:/Users/dlwta/112324324/node_modules/@vitest/runner/dist/index.js:1209:10)\n    at file:///C:/Users/dlwta/112324324/node_modules/@vitest/runner/dist/index.js:1653:37"],"location":{"line":34,"column":3},"meta":{}},{"ancestorTitles":["CodeEditor"],"fullName":"CodeEditor maps languages correctly","status":"failed","title":"maps languages correctly","duration":7.592599999999948,"failureMessages":["AssertionError: expected \"vi.fn()\" to be called with arguments: [ ObjectContaining{…}, Any<Object> ]\n\nReceived: \n\n  1st vi.fn() call:\n\n  [\n-   ObjectContaining {\n+   {\n      \"defaultLanguage\": \"javascript\",\n+     \"height\": \"100%\",\n      \"language\": \"javascript\",\n+     \"loading\": <div\n+       className=\"flex items-center justify-center h-full text-gray-500 text-sm\"\n+     >\n+       Loading Editor...\n+     </div>,\n+     \"onChange\": [Function Mock],\n+     \"onMount\": [Function handleEditorDidMount],\n+     \"options\": {\n+       \"readOnly\": false,\n+       \"wordWrap\": \"on\",\n      },\n-   Any<Object>,\n+     \"theme\": \"lovable-dark\",\n+     \"value\": \"<html><body>Hello World</body></html>\",\n+   },\n+   undefined,\n  ]\n\n\nNumber of calls: 1\n\n    at Proxy.<anonymous> (file:///C:/Users/dlwta/112324324/node_modules/@vitest/expect/dist/index.js:1420:10)\n    at Proxy.<anonymous> (file:///C:/Users/dlwta/112324324/node_modules/@vitest/expect/dist/index.js:1090:14)\n    at Proxy.methodWrapper (file:///C:/Users/dlwta/112324324/node_modules/chai/index.js:1700:25)\n    at C:/Users/dlwta/112324324/components/editor/__tests__/CodeEditor.test.tsx:62:24\n    at file:///C:/Users/dlwta/112324324/node_modules/@vitest/runner/dist/index.js:145:11\n    at file:///C:/Users/dlwta/112324324/node_modules/@vitest/runner/dist/index.js:915:26\n    at file:///C:/Users/dlwta/112324324/node_modules/@vitest/runner/dist/index.js:1243:20\n    at new Promise (<anonymous>)\n    at runWithTimeout (file:///C:/Users/dlwta/112324324/node_modules/@vitest/runner/dist/index.js:1209:10)\n    at file:///C:/Users/dlwta/112324324/node_modules/@vitest/runner/dist/index.js:1653:37"],"location":{"line":59,"column":3},"meta":{}},{"ancestorTitles":["CodeEditor"],"fullName":"CodeEditor handles readonly mode","status":"failed","title":"handles readonly mode","duration":6.544600000000173,"failureMessages":["AssertionError: expected \"vi.fn()\" to be called with arguments: [ ObjectContaining{…}, Any<Object> ]\n\nReceived: \n\n  1st vi.fn() call:\n\n  [\n-   ObjectContaining {\n-     \"options\": ObjectContaining {\n+   {\n+     \"defaultLanguage\": \"html\",\n+     \"height\": \"100%\",\n+     \"language\": \"html\",\n+     \"loading\": <div\n+       className=\"flex items-center justify-center h-full text-gray-500 text-sm\"\n+     >\n+       Loading Editor...\n+     </div>,\n+     \"onChange\": [Function Mock],\n+     \"onMount\": [Function handleEditorDidMount],\n+     \"options\": {\n        \"readOnly\": true,\n+       \"wordWrap\": \"on\",\n      },\n+     \"theme\": \"lovable-dark\",\n+     \"value\": \"<html><body>Hello World</body></html>\",\n    },\n-   Any<Object>,\n+   undefined,\n  ]\n\n\nNumber of calls: 1\n\n    at Proxy.<anonymous> (file:///C:/Users/dlwta/112324324/node_modules/@vitest/expect/dist/index.js:1420:10)\n    at Proxy.<anonymous> (file:///C:/Users/dlwta/112324324/node_modules/@vitest/expect/dist/index.js:1090:14)\n    at Proxy.methodWrapper (file:///C:/Users/dlwta/112324324/node_modules/chai/index.js:1700:25)\n    at C:/Users/dlwta/112324324/components/editor/__tests__/CodeEditor.test.tsx:83:24\n    at file:///C:/Users/dlwta/112324324/node_modules/@vitest/runner/dist/index.js:145:11\n    at file:///C:/Users/dlwta/112324324/node_modules/@vitest/runner/dist/index.js:915:26\n    at file:///C:/Users/dlwta/112324324/node_modules/@vitest/runner/dist/index.js:1243:20\n    at new Promise (<anonymous>)\n    at runWithTimeout (file:///C:/Users/dlwta/112324324/node_modules/@vitest/runner/dist/index.js:1209:10)\n    at file:///C:/Users/dlwta/112324324/node_modules/@vitest/runner/dist/index.js:1653:37"],"location":{"line":80,"column":3},"meta":{}},{"ancestorTitles":["CodeEditor"],"fullName":"CodeEditor calls onChange when content changes","status":"failed","title":"calls onChange when content changes","duration":13.841800000000148,"failureMessages":["TestingLibraryElementError: Unable to find an element by: [data-testid=\"editor-textarea\"]\n\nIgnored nodes: comments, script, style\n\u001b[36m<body>\u001b[39m\n  \u001b[36m<div>\u001b[39m\n    \u001b[36m<div\u001b[39m\n      \u001b[33mclass\u001b[39m=\u001b[32m\"w-full h-full overflow-hidden bg-[#1e1e1e]\"\u001b[39m\n    \u001b[36m>\u001b[39m\n      \u001b[36m<div\u001b[39m\n        \u001b[33mdata-testid\u001b[39m=\u001b[32m\"monaco-editor\"\u001b[39m\n      \u001b[36m>\u001b[39m\n        \u001b[36m<div\u001b[39m\n          \u001b[33mdata-testid\u001b[39m=\u001b[32m\"editor-content\"\u001b[39m\n        \u001b[36m>\u001b[39m\n          \u001b[36m<div\u001b[39m\n            \u001b[33mclass\u001b[39m=\u001b[32m\"flex items-center justify-center h-full text-gray-500 text-sm\"\u001b[39m\n          \u001b[36m>\u001b[39m\n            \u001b[0mLoading Editor...\u001b[0m\n          \u001b[36m</div>\u001b[39m\n        \u001b[36m</div>\u001b[39m\n      \u001b[36m</div>\u001b[39m\n    \u001b[36m</div>\u001b[39m\n    \u001b[36m<div\u001b[39m\n      \u001b[33mclass\u001b[39m=\u001b[32m\"fixed bottom-4 right-4 z-[100] flex flex-col gap-2 pointer-events-none\"\u001b[39m\n    \u001b[36m/>\u001b[39m\n  \u001b[36m</div>\u001b[39m\n\u001b[36m</body>\u001b[39m\n    at Object.getElementError (C:\\Users\\dlwta\\112324324\\node_modules\\@testing-library\\dom\\dist\\config.js:37:19)\n    at C:\\Users\\dlwta\\112324324\\node_modules\\@testing-library\\dom\\dist\\query-helpers.js:76:38\n    at C:\\Users\\dlwta\\112324324\\node_modules\\@testing-library\\dom\\dist\\query-helpers.js:52:17\n    at C:\\Users\\dlwta\\112324324\\node_modules\\@testing-library\\dom\\dist\\query-helpers.js:95:19\n    at C:/Users/dlwta/112324324/components/editor/__tests__/CodeEditor.test.tsx:96:29\n    at file:///C:/Users/dlwta/112324324/node_modules/@vitest/runner/dist/index.js:145:11\n    at file:///C:/Users/dlwta/112324324/node_modules/@vitest/runner/dist/index.js:915:26\n    at file:///C:/Users/dlwta/112324324/node_modules/@vitest/runner/dist/index.js:1243:20\n    at new Promise (<anonymous>)\n    at runWithTimeout (file:///C:/Users/dlwta/112324324/node_modules/@vitest/runner/dist/index.js:1209:10)"],"location":{"line":93,"column":3},"meta":{}},{"ancestorTitles":["CodeEditor"],"fullName":"CodeEditor shows loading state when loading","status":"passed","title":"shows loading state when loading","duration":9.897600000000239,"failureMessages":[],"location":{"line":102,"column":3},"meta":{}},{"ancestorTitles":["CodeEditor"],"fullName":"CodeEditor applies correct styling","status":"passed","title":"applies correct styling","duration":3.692099999999755,"failureMessages":[],"location":{"line":110,"column":3},"meta":{}},{"ancestorTitles":["CodeEditor"],"fullName":"CodeEditor handles empty code","status":"failed","title":"handles empty code","duration":5.788299999999708,"failureMessages":["AssertionError: expected \"vi.fn()\" to be called with arguments: [ Array(2) ]\n\nReceived: \n\n  1st vi.fn() call:\n\n  [\n-   ObjectContaining {\n+   {\n+     \"defaultLanguage\": \"html\",\n+     \"height\": \"100%\",\n+     \"language\": \"html\",\n+     \"loading\": <div\n+       className=\"flex items-center justify-center h-full text-gray-500 text-sm\"\n+     >\n+       Loading Editor...\n+     </div>,\n+     \"onChange\": [Function Mock],\n+     \"onMount\": [Function handleEditorDidMount],\n+     \"options\": {\n+       \"readOnly\": false,\n+       \"wordWrap\": \"on\",\n+     },\n+     \"theme\": \"lovable-dark\",\n      \"value\": \"\",\n    },\n-   Any<Object>,\n+   undefined,\n  ]\n\n\nNumber of calls: 1\n\n    at Proxy.<anonymous> (file:///C:/Users/dlwta/112324324/node_modules/@vitest/expect/dist/index.js:1420:10)\n    at Proxy.<anonymous> (file:///C:/Users/dlwta/112324324/node_modules/@vitest/expect/dist/index.js:1090:14)\n    at Proxy.methodWrapper (file:///C:/Users/dlwta/112324324/node_modules/chai/index.js:1700:25)\n    at C:/Users/dlwta/112324324/components/editor/__tests__/CodeEditor.test.tsx:120:24\n    at file:///C:/Users/dlwta/112324324/node_modules/@vitest/runner/dist/index.js:145:11\n    at file:///C:/Users/dlwta/112324324/node_modules/@vitest/runner/dist/index.js:915:26\n    at file:///C:/Users/dlwta/112324324/node_modules/@vitest/runner/dist/index.js:1243:20\n    at new Promise (<anonymous>)\n    at runWithTimeout (file:///C:/Users/dlwta/112324324/node_modules/@vitest/runner/dist/index.js:1209:10)\n    at file:///C:/Users/dlwta/112324324/node_modules/@vitest/runner/dist/index.js:1653:37"],"location":{"line":117,"column":3},"meta":{}},{"ancestorTitles":["CodeEditor"],"fullName":"CodeEditor handles onMount callback","status":"passed","title":"handles onMount callback","duration":3.006800000000112,"failureMessages":[],"location":{"line":126,"column":3},"meta":{}},{"ancestorTitles":["CodeEditor"],"fullName":"CodeEditor configures editor with correct options","status":"passed","title":"configures editor with correct options","duration":7.275299999999788,"failureMessages":[],"location":{"line":151,"column":3},"meta":{}},{"ancestorTitles":["CodeEditor"],"fullName":"CodeEditor handles undefined onChange","status":"failed","title":"handles undefined onChange","duration":7.871700000000146,"failureMessages":["TestingLibraryElementError: Unable to find an element by: [data-testid=\"editor-textarea\"]\n\nIgnored nodes: comments, script, style\n\u001b[36m<body>\u001b[39m\n  \u001b[36m<div>\u001b[39m\n    \u001b[36m<div\u001b[39m\n      \u001b[33mclass\u001b[39m=\u001b[32m\"w-full h-full overflow-hidden bg-[#1e1e1e]\"\u001b[39m\n    \u001b[36m>\u001b[39m\n      \u001b[36m<div\u001b[39m\n        \u001b[33mdata-testid\u001b[39m=\u001b[32m\"monaco-editor\"\u001b[39m\n      \u001b[36m>\u001b[39m\n        \u001b[36m<div\u001b[39m\n          \u001b[33mdata-testid\u001b[39m=\u001b[32m\"editor-content\"\u001b[39m\n        \u001b[36m>\u001b[39m\n          \u001b[36m<div\u001b[39m\n            \u001b[33mclass\u001b[39m=\u001b[32m\"flex items-center justify-center h-full text-gray-500 text-sm\"\u001b[39m\n          \u001b[36m>\u001b[39m\n            \u001b[0mLoading Editor...\u001b[0m\n          \u001b[36m</div>\u001b[39m\n        \u001b[36m</div>\u001b[39m\n      \u001b[36m</div>\u001b[39m\n    \u001b[36m</div>\u001b[39m\n    \u001b[36m<div\u001b[39m\n      \u001b[33mclass\u001b[39m=\u001b[32m\"fixed bottom-4 right-4 z-[100] flex flex-col gap-2 pointer-events-none\"\u001b[39m\n    \u001b[36m/>\u001b[39m\n  \u001b[36m</div>\u001b[39m\n\u001b[36m</body>\u001b[39m\n    at Object.getElementError (C:\\Users\\dlwta\\112324324\\node_modules\\@testing-library\\dom\\dist\\config.js:37:19)\n    at C:\\Users\\dlwta\\112324324\\node_modules\\@testing-library\\dom\\dist\\query-helpers.js:76:38\n    at C:\\Users\\dlwta\\112324324\\node_modules\\@testing-library\\dom\\dist\\query-helpers.js:52:17\n    at C:\\Users\\dlwta\\112324324\\node_modules\\@testing-library\\dom\\dist\\query-helpers.js:95:19\n    at C:/Users/dlwta/112324324/components/editor/__tests__/CodeEditor.test.tsx:204:29\n    at file:///C:/Users/dlwta/112324324/node_modules/@vitest/runner/dist/index.js:145:11\n    at file:///C:/Users/dlwta/112324324/node_modules/@vitest/runner/dist/index.js:915:26\n    at file:///C:/Users/dlwta/112324324/node_modules/@vitest/runner/dist/index.js:1243:20\n    at new Promise (<anonymous>)\n    at runWithTimeout (file:///C:/Users/dlwta/112324324/node_modules/@vitest/runner/dist/index.js:1209:10)"],"location":{"line":201,"column":3},"meta":{}}],"startTime":1768283010621,"endTime":1768283010732.8716,"status":"failed","message":"","name":"C:/Users/dlwta/112324324/components/editor/__tests__/CodeEditor.test.tsx"},{"assertionResults":[{"ancestorTitles":["FileExplorer"],"fullName":"FileExplorer renders file explorer with files","status":"passed","title":"renders file explorer with files","duration":63.87559999999985,"failureMessages":[],"location":{"line":45,"column":3},"meta":{}},{"ancestorTitles":["FileExplorer"],"fullName":"FileExplorer highlights active file","status":"failed","title":"highlights active file","duration":18.408500000000004,"failureMessages":["Error: expect(element).toHaveClass(\"bg-blue-500/10\")\n\nExpected the element to have class:\n  bg-blue-500/10\nReceived:\n  flex items-center gap-2 truncate\n    at Proxy.expectWrapper (file:///C:/Users/dlwta/112324324/node_modules/@vitest/expect/dist/index.js:1821:12)\n    at Proxy.<anonymous> (file:///C:/Users/dlwta/112324324/node_modules/@vitest/expect/dist/index.js:1090:14)\n    at Proxy.methodWrapper (file:///C:/Users/dlwta/112324324/node_modules/chai/index.js:1700:25)\n    at C:/Users/dlwta/112324324/components/editor/__tests__/FileExplorer.test.tsx:57:24\n    at file:///C:/Users/dlwta/112324324/node_modules/@vitest/runner/dist/index.js:145:11\n    at file:///C:/Users/dlwta/112324324/node_modules/@vitest/runner/dist/index.js:915:26\n    at file:///C:/Users/dlwta/112324324/node_modules/@vitest/runner/dist/index.js:1243:20\n    at new Promise (<anonymous>)\n    at runWithTimeout (file:///C:/Users/dlwta/112324324/node_modules/@vitest/runner/dist/index.js:1209:10)\n    at file:///C:/Users/dlwta/112324324/node_modules/@vitest/runner/dist/index.js:1653:37"],"location":{"line":53,"column":3},"meta":{}},{"ancestorTitles":["FileExplorer"],"fullName":"FileExplorer calls onSelectFile when file is clicked","status":"passed","title":"calls onSelectFile when file is clicked","duration":21.114199999999983,"failureMessages":[],"location":{"line":61,"column":3},"meta":{}},{"ancestorTitles":["FileExplorer"],"fullName":"FileExplorer shows create file modal when plus button is clicked","status":"passed","title":"shows create file modal when plus button is clicked","duration":35.07920000000013,"failureMessages":[],"location":{"line":69,"column":3},"meta":{}},{"ancestorTitles":["FileExplorer"],"fullName":"FileExplorer creates file when form is submitted","status":"passed","title":"creates file when form is submitted","duration":51.71690000000035,"failureMessages":[],"location":{"line":79,"column":3},"meta":{}},{"ancestorTitles":["FileExplorer"],"fullName":"FileExplorer handles Enter key in create file input","status":"passed","title":"handles Enter key in create file input","duration":28.63799999999992,"failureMessages":[],"location":{"line":100,"column":3},"meta":{}},{"ancestorTitles":["FileExplorer"],"fullName":"FileExplorer handles Escape key in create file input","status":"passed","title":"handles Escape key in create file input","duration":31.01469999999972,"failureMessages":[],"location":{"line":116,"column":3},"meta":{}},{"ancestorTitles":["FileExplorer"],"fullName":"FileExplorer shows delete button on hover for files when multiple files exist","status":"passed","title":"shows delete button on hover for files when multiple files exist","duration":50.97880000000032,"failureMessages":[],"location":{"line":127,"column":3},"meta":{}},{"ancestorTitles":["FileExplorer"],"fullName":"FileExplorer does not show delete button when only one file exists","status":"passed","title":"does not show delete button when only one file exists","duration":8.452900000000227,"failureMessages":[],"location":{"line":138,"column":3},"meta":{}},{"ancestorTitles":["FileExplorer"],"fullName":"FileExplorer calls onDeleteFile when delete button is clicked","status":"passed","title":"calls onDeleteFile when delete button is clicked","duration":18.44990000000007,"failureMessages":[],"location":{"line":149,"column":3},"meta":{}},{"ancestorTitles":["FileExplorer"],"fullName":"FileExplorer shows problems panel","status":"passed","title":"shows problems panel","duration":23.784900000000107,"failureMessages":[],"location":{"line":160,"column":3},"meta":{}},{"ancestorTitles":["FileExplorer"],"fullName":"FileExplorer displays problems when they exist","status":"passed","title":"displays problems when they exist","duration":28.331499999999778,"failureMessages":[],"location":{"line":167,"column":3},"meta":{}},{"ancestorTitles":["FileExplorer"],"fullName":"FileExplorer closes create modal when cancel button is clicked","status":"passed","title":"closes create modal when cancel button is clicked","duration":32.64309999999978,"failureMessages":[],"location":{"line":179,"column":3},"meta":{}},{"ancestorTitles":["FileExplorer"],"fullName":"FileExplorer closes create modal when X button is clicked","status":"failed","title":"closes create modal when X button is clicked","duration":390.02909999999974,"failureMessages":["TestingLibraryElementError: Unable to find an accessible element with the role \"button\" and name `/close/i`\n\nHere are the accessible roles:\n\n  button:\n\n  Name \"New File\":\n  \u001b[36m<button\u001b[39m\n    \u001b[33mclass\u001b[39m=\u001b[32m\"text-gray-500 hover:text-white transition-colors p-1 hover:bg-white/10 rounded\"\u001b[39m\n    \u001b[33mtitle\u001b[39m=\u001b[32m\"New File\"\u001b[39m\n  \u001b[36m/>\u001b[39m\n\n  Name \"Delete File\":\n  \u001b[36m<button\u001b[39m\n    \u001b[33mclass\u001b[39m=\u001b[32m\"opacity-0 group-hover:opacity-100 p-1 hover:bg-red-500/20 text-red-500 rounded transition-all\"\u001b[39m\n    \u001b[33mtitle\u001b[39m=\u001b[32m\"Delete File\"\u001b[39m\n  \u001b[36m/>\u001b[39m\n\n  Name \"Delete File\":\n  \u001b[36m<button\u001b[39m\n    \u001b[33mclass\u001b[39m=\u001b[32m\"opacity-0 group-hover:opacity-100 p-1 hover:bg-red-500/20 text-red-500 rounded transition-all\"\u001b[39m\n    \u001b[33mtitle\u001b[39m=\u001b[32m\"Delete File\"\u001b[39m\n  \u001b[36m/>\u001b[39m\n\n  Name \"\":\n  \u001b[36m<button\u001b[39m\n    \u001b[33mclass\u001b[39m=\u001b[32m\"text-gray-400 hover:text-white transition-colors\"\u001b[39m\n  \u001b[36m/>\u001b[39m\n\n  Name \"إلغاء\":\n  \u001b[36m<button\u001b[39m\n    \u001b[33mclass\u001b[39m=\u001b[32m\"px-3 py-1.5 text-xs text-gray-400 hover:text-white transition-colors\"\u001b[39m\n  \u001b[36m/>\u001b[39m\n\n  Name \"إنشاء\":\n  \u001b[36m<button\u001b[39m\n    \u001b[33mclass\u001b[39m=\u001b[32m\"px-3 py-1.5 text-xs bg-blue-600 hover:bg-blue-500 disabled:bg-gray-600 disabled:cursor-not-allowed text-white rounded transition-colors flex items-center gap-1\"\u001b[39m\n    \u001b[33mdisabled\u001b[39m=\u001b[32m\"\"\u001b[39m\n  \u001b[36m/>\u001b[39m\n\n  --------------------------------------------------\n  heading:\n\n  Name \"إنشاء ملف جديد\":\n  \u001b[36m<h3\u001b[39m\n    \u001b[33mclass\u001b[39m=\u001b[32m\"text-sm font-semibold text-white\"\u001b[39m\n  \u001b[36m/>\u001b[39m\n\n  --------------------------------------------------\n  textbox:\n\n  Name \"\":\n  \u001b[36m<input\u001b[39m\n    \u001b[33mclass\u001b[39m=\u001b[32m\"w-full bg-[#09090b] border border-white/10 rounded-lg px-4 py-2 text-sm text-white focus:outline-none focus:border-blue-500/50 focus:ring-1 focus:ring-blue-500/50\"\u001b[39m\n    \u001b[33mplaceholder\u001b[39m=\u001b[32m\"مثال: page2.html, styles.css, script.js\"\u001b[39m\n    \u001b[33mtype\u001b[39m=\u001b[32m\"text\"\u001b[39m\n    \u001b[33mvalue\u001b[39m=\u001b[32m\"\"\u001b[39m\n  \u001b[36m/>\u001b[39m\n\n  --------------------------------------------------\n  paragraph:\n\n  Name \"\":\n  \u001b[36m<p\u001b[39m\n    \u001b[33mclass\u001b[39m=\u001b[32m\"text-[10px] text-gray-500 mt-1\"\u001b[39m\n  \u001b[36m/>\u001b[39m\n\n  --------------------------------------------------\n\nIgnored nodes: comments, script, style\n\u001b[36m<body>\u001b[39m\n  \u001b[36m<div>\u001b[39m\n    \u001b[36m<div\u001b[39m\n      \u001b[33mclass\u001b[39m=\u001b[32m\"w-60 bg-[#09090b] border-r border-white/10 flex flex-col shrink-0 animate-slide-right h-full\"\u001b[39m\n    \u001b[36m>\u001b[39m\n      \u001b[36m<div\u001b[39m\n        \u001b[33mclass\u001b[39m=\u001b[32m\"p-3 border-b border-white/5 flex items-center justify-between\"\u001b[39m\n      \u001b[36m>\u001b[39m\n        \u001b[36m<span\u001b[39m\n          \u001b[33mclass\u001b[39m=\u001b[32m\"text-xs font-bold text-gray-500 uppercase tracking-wider\"\u001b[39m\n        \u001b[36m>\u001b[39m\n          \u001b[0mExplorer\u001b[0m\n        \u001b[36m</span>\u001b[39m\n        \u001b[36m<button\u001b[39m\n          \u001b[33mclass\u001b[39m=\u001b[32m\"text-gray-500 hover:text-white transition-colors p-1 hover:bg-white/10 rounded\"\u001b[39m\n          \u001b[33mtitle\u001b[39m=\u001b[32m\"New File\"\u001b[39m\n        \u001b[36m>\u001b[39m\n          \u001b[36m<svg\u001b[39m\n            \u001b[33maria-hidden\u001b[39m=\u001b[32m\"true\"\u001b[39m\n            \u001b[33mclass\u001b[39m=\u001b[32m\"lucide lucide-plus\"\u001b[39m\n            \u001b[33mfill\u001b[39m=\u001b[32m\"none\"\u001b[39m\n            \u001b[33mheight\u001b[39m=\u001b[32m\"14\"\u001b[39m\n            \u001b[33mstroke\u001b[39m=\u001b[32m\"currentColor\"\u001b[39m\n            \u001b[33mstroke-linecap\u001b[39m=\u001b[32m\"round\"\u001b[39m\n            \u001b[33mstroke-linejoin\u001b[39m=\u001b[32m\"round\"\u001b[39m\n            \u001b[33mstroke-width\u001b[39m=\u001b[32m\"2\"\u001b[39m\n            \u001b[33mviewBox\u001b[39m=\u001b[32m\"0 0 24 24\"\u001b[39m\n            \u001b[33mwidth\u001b[39m=\u001b[32m\"14\"\u001b[39m\n            \u001b[33mxmlns\u001b[39m=\u001b[32m\"http://www.w3.org/2000/svg\"\u001b[39m\n          \u001b[36m>\u001b[39m\n            \u001b[36m<path\u001b[39m\n              \u001b[33md\u001b[39m=\u001b[32m\"M5 12h14\"\u001b[39m\n            \u001b[36m/>\u001b[39m\n            \u001b[36m<path\u001b[39m\n              \u001b[33md\u001b[39m=\u001b[32m\"M12 5v14\"\u001b[39m\n            \u001b[36m/>\u001b[39m\n          \u001b[36m</svg>\u001b[39m\n        \u001b[36m</button>\u001b[39m\n      \u001b[36m</div>\u001b[39m\n      \u001b[36m<div\u001b[39m\n        \u001b[33mclass\u001b[39m=\u001b[32m\"flex-grow overflow-y-auto p-2 scrollbar-hide\"\u001b[39m\n      \u001b[36m>\u001b[39m\n        \u001b[36m<div\u001b[39m\n          \u001b[33mclass\u001b[39m=\u001b[32m\"group flex items-center justify-between px-3 py-2 rounded-md text-sm cursor-pointer mb-1 transition-all bg-blue-500/10 text-blue-400 border border-blue-500/20\"\u001b[39m\n        \u001b[36m>\u001b[39m\n          \u001b[36m<div\u001b[39m\n            \u001b[33mclass\u001b[39m=\u001b[32m\"flex items-center gap-2 truncate\"\u001b[39m\n          \u001b[36m>\u001b[39m\n            \u001b[36m<svg\u001b[39m\n              \u001b[33maria-hidden\u001b[39m=\u001b[32m\"true\"\u001b[39m\n              \u001b[33mclass\u001b[39m=\u001b[32m\"lucide lucide-file text-blue-500\"\u001b[39m\n              \u001b[33mfill\u001b[39m=\u001b[32m\"none\"\u001b[39m\n              \u001b[33mheight\u001b[39m=\u001b[32m\"14\"\u001b[39m\n              \u001b[33mstroke\u001b[39m=\u001b[32m\"currentColor\"\u001b[39m\n              \u001b[33mstroke-linecap\u001b[39m=\u001b[32m\"round\"\u001b[39m\n              \u001b[33mstroke-linejoin\u001b[39m=\u001b[32m\"round\"\u001b[39m\n              \u001b[33mstroke-width\u001b[39m=\u001b[32m\"2\"\u001b[39m\n              \u001b[33mviewBox\u001b[39m=\u001b[32m\"0 0 24 24\"\u001b[39m\n              \u001b[33mwidth\u001b[39m=\u001b[32m\"14\"\u001b[39m\n              \u001b[33mxmlns\u001b[39m=\u001b[32m\"http://www.w3.org/2000/svg\"\u001b[39m\n            \u001b[36m>\u001b[39m\n              \u001b[36m<path\u001b[39m\n                \u001b[33md\u001b[39m=\u001b[32m\"M6 22a2 2 0 0 1-2-2V4a2 2 0 0 1 2-2h8a2.4 2.4 0 0 1 1.704.706l3.588 3.588A2.4 2.4 0 0 1 20 8v12a2 2 0 0 1-2 2z\"\u001b[39m\n              \u001b[36m/>\u001b[39m\n              \u001b[36m<path\u001b[39m\n                \u001b[33md\u001b[39m=\u001b[32m\"M14 2v5a1 1 0 0 0 1 1h5\"\u001b[39m\n              \u001b[36m/>\u001b[39m\n            \u001b[36m</svg>\u001b[39m\n            \u001b[36m<span\u001b[39m\n              \u001b[33mclass\u001b[39m=\u001b[32m\"truncate\"\u001b[39m\n            \u001b[36m>\u001b[39m\n              \u001b[0mindex.html\u001b[0m\n            \u001b[36m</span>\u001b[39m\n          \u001b[36m</div>\u001b[39
[...]
les\\@testing-library\\dom\\dist\\query-helpers.js:95:19\n    at C:/Users/dlwta/112324324/src/__tests__/workflows/ProjectCreationWorkflow.test.tsx:216:29\n    at file:///C:/Users/dlwta/112324324/node_modules/@vitest/runner/dist/index.js:145:11\n    at file:///C:/Users/dlwta/112324324/node_modules/@vitest/runner/dist/index.js:915:26\n    at file:///C:/Users/dlwta/112324324/node_modules/@vitest/runner/dist/index.js:1243:20\n    at new Promise (<anonymous>)\n    at runWithTimeout (file:///C:/Users/dlwta/112324324/node_modules/@vitest/runner/dist/index.js:1209:10)"],"location":{"line":211,"column":3},"meta":{}},{"ancestorTitles":["Project Creation Workflow"],"fullName":"Project Creation Workflow validates API key before allowing project creation","status":"failed","title":"validates API key before allowing project creation","duration":5.89409999999998,"failureMessages":["TestingLibraryElementError: Unable to find an element with the text: /API Key Required/. This could be because the text is broken up by multiple elements. In this case, you can provide a function for your text matcher to make your matcher more flexible.\n\nIgnored nodes: comments, script, style\n\u001b[36m<body>\u001b[39m\n  \u001b[36m<div>\u001b[39m\n    \u001b[36m<div\u001b[39m\n      \u001b[33mclass\u001b[39m=\u001b[32m\"fixed inset-0 bg-black flex items-center justify-center\"\u001b[39m\n    \u001b[36m>\u001b[39m\n      \u001b[36m<div\u001b[39m\n        \u001b[33mclass\u001b[39m=\u001b[32m\"flex flex-col items-center gap-4\"\u001b[39m\n      \u001b[36m>\u001b[39m\n        \u001b[36m<div\u001b[39m\n          \u001b[33mclass\u001b[39m=\u001b[32m\"w-8 h-8 border-4 border-blue-500/30 border-t-blue-500 rounded-full animate-spin\"\u001b[39m\n        \u001b[36m/>\u001b[39m\n        \u001b[36m<span\u001b[39m\n          \u001b[33mclass\u001b[39m=\u001b[32m\"text-gray-400 text-sm\"\u001b[39m\n        \u001b[36m>\u001b[39m\n          \u001b[0mLoading your projects...\u001b[0m\n        \u001b[36m</span>\u001b[39m\n      \u001b[36m</div>\u001b[39m\n    \u001b[36m</div>\u001b[39m\n    \u001b[36m<div\u001b[39m\n      \u001b[33mclass\u001b[39m=\u001b[32m\"fixed bottom-4 right-4 z-[100] flex flex-col gap-2 pointer-events-none\"\u001b[39m\n    \u001b[36m/>\u001b[39m\n    \u001b[36m<div\u001b[39m\n      \u001b[33mclass\u001b[39m=\u001b[32m\"fixed bottom-4 right-4 z-[100] flex flex-col gap-2 pointer-events-none\"\u001b[39m\n    \u001b[36m/>\u001b[39m\n  \u001b[36m</div>\u001b[39m\n\u001b[36m</body>\u001b[39m\n    at Object.getElementError (C:\\Users\\dlwta\\112324324\\node_modules\\@testing-library\\dom\\dist\\config.js:37:19)\n    at C:\\Users\\dlwta\\112324324\\node_modules\\@testing-library\\dom\\dist\\query-helpers.js:76:38\n    at C:\\Users\\dlwta\\112324324\\node_modules\\@testing-library\\dom\\dist\\query-helpers.js:52:17\n    at C:\\Users\\dlwta\\112324324\\node_modules\\@testing-library\\dom\\dist\\query-helpers.js:95:19\n    at C:/Users/dlwta/112324324/src/__tests__/workflows/ProjectCreationWorkflow.test.tsx:232:19\n    at file:///C:/Users/dlwta/112324324/node_modules/@vitest/runner/dist/index.js:145:11\n    at file:///C:/Users/dlwta/112324324/node_modules/@vitest/runner/dist/index.js:915:26\n    at file:///C:/Users/dlwta/112324324/node_modules/@vitest/runner/dist/index.js:1243:20\n    at new Promise (<anonymous>)\n    at runWithTimeout (file:///C:/Users/dlwta/112324324/node_modules/@vitest/runner/dist/index.js:1209:10)"],"location":{"line":227,"column":3},"meta":{}}],"startTime":1768283011277,"endTime":1768283011393.894,"status":"failed","message":"","name":"C:/Users/dlwta/112324324/src/__tests__/workflows/ProjectCreationWorkflow.test.tsx"},{"assertionResults":[{"ancestorTitles":["Database Utilities","normalizePath"],"fullName":"Database Utilities normalizePath ensures path starts with /","status":"passed","title":"ensures path starts with /","duration":2.4517000000000735,"failureMessages":[],"location":{"line":5,"column":5},"meta":{}},{"ancestorTitles":["Database Utilities","normalizePath"],"fullName":"Database Utilities normalizePath removes trailing slashes","status":"passed","title":"removes trailing slashes","duration":0.38810000000012224,"failureMessages":[],"location":{"line":10,"column":5},"meta":{}},{"ancestorTitles":["Database Utilities","normalizePath"],"fullName":"Database Utilities normalizePath collapses multiple slashes","status":"passed","title":"collapses multiple slashes","duration":0.4491000000002714,"failureMessages":[],"location":{"line":15,"column":5},"meta":{}},{"ancestorTitles":["Database Utilities","normalizePath"],"fullName":"Database Utilities normalizePath resolves . and .. correctly","status":"passed","title":"resolves . and .. correctly","duration":1.0691999999999098,"failureMessages":[],"location":{"line":20,"column":5},"meta":{}},{"ancestorTitles":["Database Utilities","normalizePath"],"fullName":"Database Utilities normalizePath handles root path","status":"passed","title":"handles root path","duration":0.3170999999997548,"failureMessages":[],"location":{"line":26,"column":5},"meta":{}},{"ancestorTitles":["Database Utilities","normalizePath"],"fullName":"Database Utilities normalizePath throws error for invalid paths","status":"passed","title":"throws error for invalid paths","duration":1.4994000000001506,"failureMessages":[],"location":{"line":30,"column":5},"meta":{}},{"ancestorTitles":["Database Utilities","validateName"],"fullName":"Database Utilities validateName accepts valid names","status":"passed","title":"accepts valid names","duration":1.6508999999996377,"failureMessages":[],"location":{"line":38,"column":5},"meta":{}},{"ancestorTitles":["Database Utilities","validateName"],"fullName":"Database Utilities validateName rejects empty names","status":"passed","title":"rejects empty names","duration":0.37560000000030414,"failureMessages":[],"location":{"line":45,"column":5},"meta":{}},{"ancestorTitles":["Database Utilities","validateName"],"fullName":"Database Utilities validateName rejects names that are too long","status":"passed","title":"rejects names that are too long","duration":1.7052000000003318,"failureMessages":[],"location":{"line":56,"column":5},"meta":{}},{"ancestorTitles":["Database Utilities","validateName"],"fullName":"Database Utilities validateName rejects forbidden characters","status":"passed","title":"rejects forbidden characters","duration":0.8094999999998436,"failureMessages":[],"location":{"line":64,"column":5},"meta":{}},{"ancestorTitles":["Database Utilities","validateName"],"fullName":"Database Utilities validateName rejects reserved Windows names","status":"passed","title":"rejects reserved Windows names","duration":0.7154999999997926,"failureMessages":[],"location":{"line":75,"column":5},"meta":{}}],"startTime":1768283010854,"endTime":1768283010866.7156,"status":"passed","message":"","name":"C:/Users/dlwta/112324324/src/lib/__tests__/db.test.ts"},{"assertionResults":[],"startTime":1768283007926,"endTime":1768283007926,"status":"failed","message":"[vitest] There was an error when mocking a module. If you are using \"vi.mock\" factory, make sure there are no top level variables inside, since this call is hoisted to top of the file. Read more: https://vitest.dev/api/vi.html#vi-mock","name":"C:/Users/dlwta/112324324/src/components/__tests__/InputSection.test.tsx"},{"assertionResults":[{"ancestorTitles":["ProjectCard"],"fullName":"ProjectCard renders project information correctly","status":"passed","title":"renders project information correctly","duration":89.38299999999981,"failureMessages":[],"location":{"line":32,"column":3},"meta":{}},{"ancestorTitles":["ProjectCard"],"fullName":"ProjectCard calls onClick when card is clicked (not in rename mode)","status":"passed","title":"calls onClick when card is clicked (not in rename mode)","duration":19.153899999999794,"failureMessages":[],"location":{"line":40,"column":3},"meta":{}},{"ancestorTitles":["ProjectCard"],"fullName":"ProjectCard shows star icon and allows starring","status":"passed","title":"shows star icon and allows starring","duration":46.22389999999996,"failureMessages":[],"location":{"line":49,"column":3},"meta":{}},{"ancestorTitles":["ProjectCard"],"fullName":"ProjectCard shows more options menu and handles delete","status":"failed","title":"shows more options menu and handles delete","duration":9.677599999999984,"failureMessages":["Error: Unable to fire a \"click\" event - please provide a DOM element.\n    at createEvent (C:\\Users\\dlwta\\112324324\\node_modules\\@testing-library\\dom\\dist\\events.js:27:11)\n    at Function.createEvent.<computed> [as click] (C:\\Users\\dlwta\\112324324\\node_modules\\@testing-library\\dom\\dist\\events.js:106:38)\n    at Function.fireEvent.<computed> [as click] (C:\\Users\\dlwta\\112324324\\node_modules\\@testing-library\\dom\\dist\\events.js:110:68)\n    at Function.fireEvent.<computed> [as click] (C:\\Users\\dlwta\\112324324\\node_modules\\@testing-library\\react\\dist\\fire-event.js:15:52)\n    at C:/Users/dlwta/112324324/src/components/__tests__/ProjectCard.test.tsx:73:15\n    at file:///C:/Users/dlwta/112324324/node_modules/@vitest/runner/dist/index.js:145:11\n    at file:///C:/Users/dlwta/112324324/node_modules/@vitest/runner/dist/index.js:915:26\n    at file:///C:/Users/dlwta/112324324/node_modules/@vitest/runner/dist/index.js:1243:20\n    at new Promise (<anonymous>)\n    at runWithTimeout (file:///C:/Users/dlwta/112324324/node_modules/@vitest/runner/dist/index.js:1209:10)"],"location":{"line":65,"column":3},"meta":{}},{"ancestorTitles":["ProjectCard"],"fullName":"ProjectCard shows duplicate option when onDuplicate is provided","status":"failed","title":"shows duplicate option when onDuplicate is provided","duration":8.534499999999753,"failureMessages":["Error: Unable to fire a \"click\" event - please provide a DOM element.\n    at createEvent (C:\\Users\\dlwta\\112324324\\node_modules\\@testing-library\\dom\\dist\\events.js:27:11)\n    at Function.createEvent.<computed> [as click] (C:\\Users\\dlwta\\112324324\\node_modules\\@testing-library\\dom\\dist\\events.js:106:38)\n    at Function.fireEvent.<computed> [as click] (C:\\Users\\dlwta\\112324324\\node_modules\\@testing-library\\dom\\dist\\events.js:110:68)\n    at Function.fireEvent.<computed> [as click] (C:\\Users\\dlwta\\112324324\\node_modules\\@testing-library\\react\\dist\\fire-event.js:15:52)\n    at C:/Users/dlwta/112324324/src/components/__tests__/ProjectCard.test.tsx:90:15\n    at file:///C:/Users/dlwta/112324324/node_modules/@vitest/runner/dist/index.js:145:11\n    at file:///C:/Users/dlwta/112324324/node_modules/@vitest/runner/dist/index.js:915:26\n    at file:///C:/Users/dlwta/112324324/node_modules/@vitest/runner/dist/index.js:1243:20\n    at new Promise (<anonymous>)\n    at runWithTimeout (file:///C:/Users/dlwta/112324324/node_modules/@vitest/runner/dist/index.js:1209:10)"],"location":{"line":85,"column":3},"meta":{}},{"ancestorTitles":["ProjectCard"],"fullName":"ProjectCard calls onDuplicate when duplicate is clicked","status":"failed","title":"calls onDuplicate when duplicate is clicked","duration":9.867799999999988,"failureMessages":["Error: Unable to fire a \"click\" event - please provide a DOM element.\n    at createEvent (C:\\Users\\dlwta\\112324324\\node_modules\\@testing-library\\dom\\dist\\events.js:27:11)\n    at Function.createEvent.<computed> [as click] (C:\\Users\\dlwta\\112324324\\node_modules\\@testing-library\\dom\\dist\\events.js:106:38)\n    at Function.fireEvent.<computed> [as click] (C:\\Users\\dlwta\\112324324\\node_modules\\@testing-library\\dom\\dist\\events.js:110:68)\n    at Function.fireEvent.<computed> [as click] (C:\\Users\\dlwta\\112324324\\node_modules\\@testing-library\\react\\dist\\fire-event.js:15:52)\n    at C:/Users/dlwta/112324324/src/components/__tests__/ProjectCard.test.tsx:100:15\n    at file:///C:/Users/dlwta/112324324/node_modules/@vitest/runner/dist/index.js:145:11\n    at file:///C:/Users/dlwta/112324324/node_modules/@vitest/runner/dist/index.js:915:26\n    at file:///C:/Users/dlwta/112324324/node_modules/@vitest/runner/dist/index.js:1243:20\n    at new Promise (<anonymous>)\n    at runWithTimeout (file:///C:/Users/dlwta/112324324/node_modules/@vitest/runner/dist/index.js:1209:10)"],"location":{"line":95,"column":3},"meta":{}},{"ancestorTitles":["ProjectCard"],"fullName":"ProjectCard enters rename mode when rename is clicked","status":"failed","title":"enters rename mode when rename is clicked","duration":9.246900000000096,"failureMessages":["Error: Unable to fire a \"click\" event - please provide a DOM element.\n    at createEvent (C:\\Users\\dlwta\\112324324\\node_modules\\@testing-library\\dom\\dist\\events.js:27:11)\n    at Function.createEvent.<computed> [as click] (C:\\Users\\dlwta\\112324324\\node_modules\\@testing-library\\dom\\dist\\events.js:106:38)\n    at Function.fireEvent.<computed> [as click] (C:\\Users\\dlwta\\112324324\\node_modules\\@testing-library\\dom\\dist\\events.js:110:68)\n    at Function.fireEvent.<computed> [as click] (C:\\Users\\dlwta\\112324324\\node_modules\\@testing-library\\react\\dist\\fire-event.js:15:52)\n    at C:/Users/dlwta/112324324/src/components/__tests__/ProjectCard.test.tsx:113:15\n    at file:///C:/Users/dlwta/112324324/node_modules/@vitest/runner/dist/index.js:145:11\n    at file:///C:/Users/dlwta/112324324/node_modules/@vitest/runner/dist/index.js:915:26\n    at file:///C:/Users/dlwta/112324324/node_modules/@vitest/runner/dist/index.js:1243:20\n    at new Promise (<anonymous>)\n    at runWithTimeout (file:///C:/Users/dlwta/112324324/node_modules/@vitest/runner/dist/index.js:1209:10)"],"location":{"line":108,"column":3},"meta":{}},{"ancestorTitles":["ProjectCard"],"fullName":"ProjectCard saves new title when rename is confirmed","status":"failed","title":"saves new title when rename is confirmed","duration":13.765899999999874,"failureMessages":["Error: Unable to fire a \"click\" event - please provide a DOM element.\n    at createEvent (C:\\Users\\dlwta\\112324324\\node_modules\\@testing-library\\dom\\dist\\events.js:27:11)\n    at Function.createEvent.<computed> [as click] (C:\\Users\\dlwta\\112324324\\node_modules\\@testing-library\\dom\\dist\\events.js:106:38)\n    at Function.fireEvent.<computed> [as click] (C:\\Users\\dlwta\\112324324\\node_modules\\@testing-library\\dom\\dist\\events.js:110:68)\n    at Function.fireEvent.<computed> [as click] (C:\\Users\\dlwta\\112324324\\node_modules\\@testing-library\\react\\dist\\fire-event.js:15:52)\n    at C:/Users/dlwta/112324324/src/components/__tests__/ProjectCard.test.tsx:132:15\n    at file:///C:/Users/dlwta/112324324/node_modules/@vitest/runner/dist/index.js:145:11\n    at file:///C:/Users/dlwta/112324324/node_modules/@vitest/runner/dist/index.js:915:26\n    at file:///C:/Users/dlwta/112324324/node_modules/@vitest/runner/dist/index.js:1243:20\n    at new Promise (<anonymous>)\n    at runWithTimeout (file:///C:/Users/dlwta/112324324/node_modules/@vitest/runner/dist/index.js:1209:10)"],"location":{"line":126,"column":3},"meta":{}},{"ancestorTitles":["ProjectCard"],"fullName":"ProjectCard cancels rename when X is clicked","status":"failed","title":"cancels rename when X is clicked","duration":17.682800000000043,"failureMessages":["Error: Unable to fire a \"click\" event - please provide a DOM element.\n    at createEvent (C:\\Users\\dlwta\\112324324\\node_modules\\@testing-library\\dom\\dist\\events.js:27:11)\n    at Function.createEvent.<computed> [as click] (C:\\Users\\dlwta\\112324324\\node_modules\\@testing-library\\dom\\dist\\events.js:106:38)\n    at Function.fireEvent.<computed> [as click] (C:\\Users\\dlwta\\112324324\\node_modules\\@testing-library\\dom\\dist\\events.js:110:68)\n    at Function.fireEvent.<computed> [as click] (C:\\Users\\dlwta\\112324324\\node_modules\\@testing-library\\react\\dist\\fire-event.js:15:52)\n    at C:/Users/dlwta/112324324/src/components/__tests__/ProjectCard.test.tsx:153:15\n    at file:///C:/Users/dlwta/112324324/node_modules/@vitest/runner/dist/index.js:145:11\n    at file:///C:/Users/dlwta/112324324/node_modules/@vitest/runner/dist/index.js:915:26\n    at file:///C:/Users/dlwta/112324324/node_modules/@vitest/runner/dist/index.js:1243:20\n    at new Promise (<anonymous>)\n    at runWithTimeout (file:///C:/Users/dlwta/112324324/node_modules/@vitest/runner/dist/index.js:1209:10)"],"location":{"line":147,"column":3},"meta":{}},{"ancestorTitles":["ProjectCard"],"fullName":"ProjectCard handles rename with Enter and Escape keys","status":"failed","title":"handles rename with Enter and Escape keys","duration":8.588600000000042,"failureMessages":["Error: Unable to fire a \"click\" event - please provide a DOM element.\n    at createEvent (C:\\Users\\dlwta\\112324324\\node_modules\\@testing-library\\dom\\dist\\events.js:27:11)\n    at Function.createEvent.<computed> [as click] (C:\\Users\\dlwta\\112324324\\node_modules\\@testing-library\\dom\\dist\\events.js:106:38)\n    at Function.fireEvent.<computed> [as click] (C:\\Users\\dlwta\\112324324\\node_modules\\@testing-library\\dom\\dist\\events.js:110:68)\n    at Function.fireEvent.<computed> [as click] (C:\\Users\\dlwta\\112324324\\node_modules\\@testing-library\\react\\dist\\fire-event.js:15:52)\n    at C:/Users/dlwta/112324324/src/components/__tests__/ProjectCard.test.tsx:176:15\n    at file:///C:/Users/dlwta/112324324/node_modules/@vitest/runner/dist/index.js:145:11\n    at file:///C:/Users/dlwta/112324324/node_modules/@vitest/runner/dist/index.js:915:26\n    at file:///C:/Users/dlwta/112324324/node_modules/@vitest/runner/dist/index.js:1243:20\n    at new Promise (<anonymous>)\n    at runWithTimeout (file:///C:/Users/dlwta/112324324/node_modules/@vitest/runner/dist/index.js:1209:10)"],"location":{"line":170,"column":3},"meta":{}},{"ancestorTitles":["ProjectCard"],"fullName":"ProjectCard prevents card click during rename mode","status":"failed","title":"prevents card click during rename mode","duration":12.085199999999986,"failureMessages":["Error: Unable to fire a \"click\" event - please provide a DOM element.\n    at createEvent (C:\\Users\\dlwta\\112324324\\node_modules\\@testing-library\\dom\\dist\\events.js:27:11)\n    at Function.createEvent.<computed> [as click] (C:\\Users\\dlwta\\112324324\\node_modules\\@testing-library\\dom\\dist\\events.js:106:38)\n    at Function.fireEvent.<computed> [as click] (C:\\Users\\dlwta\\112324324\\node_modules\\@testing-library\\dom\\dist\\events.js:110:68)\n    at Function.fireEvent.<computed> [as click] (C:\\Users\\dlwta\\112324324\\node_modules\\@testing-library\\react\\dist\\fire-event.js:15:52)\n    at C:/Users/dlwta/112324324/src/components/__tests__/ProjectCard.test.tsx:206:15\n    at file:///C:/Users/dlwta/112324324/node_modules/@vitest/runner/dist/index.js:145:11\n    at file:///C:/Users/dlwta/112324324/node_modules/@vitest/runner/dist/index.js:915:26\n    at file:///C:/Users/dlwta/112324324/node_modules/@vitest/runner/dist/index.js:1243:20\n    at new Promise (<anonymous>)\n    at runWithTimeout (file:///C:/Users/dlwta/112324324/node_modules/@vitest/runner/dist/index.js:1209:10)"],"location":{"line":200,"column":3},"meta":{}}],"startTime":1768283010609,"endTime":1768283010854.0852,"status":"failed","message":"","name":"C:/Users/dlwta/112324324/src/components/__tests__/ProjectCard.test.tsx"},{"assertionResults":[{"ancestorTitles":["Toast"],"fullName":"Toast renders toast provider without crashing","status":"passed","title":"renders toast provider without crashing","duration":76.05670000000009,"failureMessages":[],"location":{"line":18,"column":3},"meta":{}},{"ancestorTitles":["Toast"],"fullName":"Toast can use toast hook within provider","status":"passed","title":"can use toast hook within provider","duration":11.25460000000021,"failureMessages":[],"location":{"line":28,"column":3},"meta":{}}],"startTime":1768283011121,"endTime":1768283011209.2546,"status":"passed","message":"","name":"C:/Users/dlwta/112324324/src/components/__tests__/Toast.test.tsx"}]}